This is pdfTeX, Version 3.141592653-2.6-1.40.22 (TeX Live 2022/dev/Debian) (preloaded format=pdflatex 2023.6.13)  19 NOV 2023 02:34
entering extended mode
 restricted \write18 enabled.
 %&-line parsing enabled.
**main.tex
(./main.tex
LaTeX2e <2021-11-15> patch level 1
L3 programming layer <2022-01-21>
(/usr/share/texlive/texmf-dist/tex/latex/base/report.cls
Document Class: report 2021/10/04 v1.4n Standard LaTeX document class
(/usr/share/texlive/texmf-dist/tex/latex/base/size10.clo
File: size10.clo 2021/10/04 v1.4n Standard LaTeX file (size option)
)
\c@part=\count185
\c@chapter=\count186
\c@section=\count187
\c@subsection=\count188
\c@subsubsection=\count189
\c@paragraph=\count190
\c@subparagraph=\count191
\c@figure=\count192
\c@table=\count193
\abovecaptionskip=\skip47
\belowcaptionskip=\skip48
\bibindent=\dimen138
)
(/usr/share/texlive/texmf-dist/tex/latex/svg/svg.sty
Package: svg 2020/11/26 v2.02k (include SVG pictures)

(/usr/share/texlive/texmf-dist/tex/generic/iftex/iftex.sty
Package: iftex 2020/03/06 v1.0d TeX engine tests
)
(/usr/share/texlive/texmf-dist/tex/latex/koma-script/scrbase.sty
Package: scrbase 2021/11/13 v3.35 KOMA-Script package (KOMA-Script-independent 
basics and keyval usage)

(/usr/share/texlive/texmf-dist/tex/latex/koma-script/scrlfile.sty
Package: scrlfile 2021/11/13 v3.35 KOMA-Script package (file load hooks)

(/usr/share/texlive/texmf-dist/tex/latex/koma-script/scrlfile-hook.sty
Package: scrlfile-hook 2021/11/13 v3.35 KOMA-Script package (using LaTeX hooks)


(/usr/share/texlive/texmf-dist/tex/latex/koma-script/scrlogo.sty
Package: scrlogo 2021/11/13 v3.35 KOMA-Script package (logo)
)))
(/usr/share/texlive/texmf-dist/tex/latex/graphics/keyval.sty
Package: keyval 2014/10/28 v1.15 key=value parser (DPC)
\KV@toks@=\toks16
)
Applying: [2021/05/01] Usage of raw or classic option list on input line 252.
Already applied: [0000/00/00] Usage of raw or classic option list on input line
 368.
)
(/usr/share/texlive/texmf-dist/tex/generic/pdftexcmds/pdftexcmds.sty
Package: pdftexcmds 2020-06-27 v0.33 Utility functions of pdfTeX for LuaTeX (HO
)

(/usr/share/texlive/texmf-dist/tex/generic/infwarerr/infwarerr.sty
Package: infwarerr 2019/12/03 v1.5 Providing info/warning/error messages (HO)
)
(/usr/share/texlive/texmf-dist/tex/generic/ltxcmds/ltxcmds.sty
Package: ltxcmds 2020-05-10 v1.25 LaTeX kernel commands for general use (HO)
)
Package pdftexcmds Info: \pdf@primitive is available.
Package pdftexcmds Info: \pdf@ifprimitive is available.
Package pdftexcmds Info: \pdfdraftmode found.
)
(/usr/share/texlive/texmf-dist/tex/latex/trimspaces/trimspaces.sty
Package: trimspaces 2009/09/17 v1.1 Trim spaces around a token list
)
(/usr/share/texlive/texmf-dist/tex/latex/graphics/graphicx.sty
Package: graphicx 2021/09/16 v1.2d Enhanced LaTeX Graphics (DPC,SPQR)

(/usr/share/texlive/texmf-dist/tex/latex/graphics/graphics.sty
Package: graphics 2021/03/04 v1.4d Standard LaTeX Graphics (DPC,SPQR)

(/usr/share/texlive/texmf-dist/tex/latex/graphics/trig.sty
Package: trig 2021/08/11 v1.11 sin cos tan (DPC)
)
(/usr/share/texlive/texmf-dist/tex/latex/graphics-cfg/graphics.cfg
File: graphics.cfg 2016/06/04 v1.11 sample graphics configuration
)
Package graphics Info: Driver file: pdftex.def on input line 107.

(/usr/share/texlive/texmf-dist/tex/latex/graphics-def/pdftex.def
File: pdftex.def 2020/10/05 v1.2a Graphics/color driver for pdftex
))
\Gin@req@height=\dimen139
\Gin@req@width=\dimen140
)
(/usr/share/texlive/texmf-dist/tex/latex/tools/shellesc.sty
Package: shellesc 2019/11/08 v1.0c unified shell escape interface for LaTeX
Package shellesc Info: Restricted shell escape enabled on input line 77.
)
\c@svg@param@lastpage=\count194
\svg@box=\box50
\c@svg@param@currpage=\count195
)
(/usr/share/texlive/texmf-dist/tex/latex/xcolor/xcolor.sty
Package: xcolor 2021/10/31 v2.13 LaTeX color extensions (UK)

(/usr/share/texlive/texmf-dist/tex/latex/graphics-cfg/color.cfg
File: color.cfg 2016/01/02 v1.6 sample color configuration
)
Package xcolor Info: Driver file: pdftex.def on input line 227.
Package xcolor Info: Model `cmy' substituted by `cmy0' on input line 1352.
Package xcolor Info: Model `hsb' substituted by `rgb' on input line 1356.
Package xcolor Info: Model `RGB' extended on input line 1368.
Package xcolor Info: Model `HTML' substituted by `rgb' on input line 1370.
Package xcolor Info: Model `Hsb' substituted by `hsb' on input line 1371.
Package xcolor Info: Model `tHsb' substituted by `hsb' on input line 1372.
Package xcolor Info: Model `HSB' substituted by `hsb' on input line 1373.
Package xcolor Info: Model `Gray' substituted by `gray' on input line 1374.
Package xcolor Info: Model `wave' substituted by `hsb' on input line 1375.
)
(/usr/share/texlive/texmf-dist/tex/latex/svg/svg-extract.sty
Package: svg-extract 2020/11/26 v2.02k (extract graphics from SVG pictures)
\c@svgx@runs=\count196
\c@svgx@out@count=\count197
)
(/usr/share/texlive/texmf-dist/tex/latex/hyperref/hyperref.sty
Package: hyperref 2021-06-07 v7.00m Hypertext links for LaTeX

(/usr/share/texlive/texmf-dist/tex/generic/kvsetkeys/kvsetkeys.sty
Package: kvsetkeys 2019/12/15 v1.18 Key value parser (HO)
)
(/usr/share/texlive/texmf-dist/tex/generic/kvdefinekeys/kvdefinekeys.sty
Package: kvdefinekeys 2019-12-19 v1.6 Define keys (HO)
)
(/usr/share/texlive/texmf-dist/tex/generic/pdfescape/pdfescape.sty
Package: pdfescape 2019/12/09 v1.15 Implements pdfTeX's escape features (HO)
)
(/usr/share/texlive/texmf-dist/tex/latex/hycolor/hycolor.sty
Package: hycolor 2020-01-27 v1.10 Color options for hyperref/bookmark (HO)
)
(/usr/share/texlive/texmf-dist/tex/latex/letltxmacro/letltxmacro.sty
Package: letltxmacro 2019/12/03 v1.6 Let assignment for LaTeX macros (HO)
)
(/usr/share/texlive/texmf-dist/tex/latex/auxhook/auxhook.sty
Package: auxhook 2019-12-17 v1.6 Hooks for auxiliary files (HO)
)
(/usr/share/texlive/texmf-dist/tex/latex/kvoptions/kvoptions.sty
Package: kvoptions 2020-10-07 v3.14 Key value format for package options (HO)
)
\@linkdim=\dimen141
\Hy@linkcounter=\count198
\Hy@pagecounter=\count199

(/usr/share/texlive/texmf-dist/tex/latex/hyperref/pd1enc.def
File: pd1enc.def 2021-06-07 v7.00m Hyperref: PDFDocEncoding definition (HO)
Now handling font encoding PD1 ...
... no UTF-8 mapping file for font encoding PD1
)
(/usr/share/texlive/texmf-dist/tex/latex/hyperref/hyperref-langpatches.def
File: hyperref-langpatches.def 2021-06-07 v7.00m Hyperref: patches for babel la
nguages
)
(/usr/share/texlive/texmf-dist/tex/generic/intcalc/intcalc.sty
Package: intcalc 2019/12/15 v1.3 Expandable calculations with integers (HO)
)
(/usr/share/texlive/texmf-dist/tex/generic/etexcmds/etexcmds.sty
Package: etexcmds 2019/12/15 v1.7 Avoid name clashes with e-TeX commands (HO)
)
\Hy@SavedSpaceFactor=\count266

(/usr/share/texlive/texmf-dist/tex/latex/hyperref/puenc.def
File: puenc.def 2021-06-07 v7.00m Hyperref: PDF Unicode definition (HO)
Now handling font encoding PU ...
... no UTF-8 mapping file for font encoding PU
)
Package hyperref Info: Hyper figures OFF on input line 4192.
Package hyperref Info: Link nesting OFF on input line 4197.
Package hyperref Info: Hyper index ON on input line 4200.
Package hyperref Info: Plain pages OFF on input line 4207.
Package hyperref Info: Backreferencing OFF on input line 4212.
Package hyperref Info: Implicit mode ON; LaTeX internals redefined.
Package hyperref Info: Bookmarks ON on input line 4445.
\c@Hy@tempcnt=\count267

(/usr/share/texlive/texmf-dist/tex/latex/url/url.sty
\Urlmuskip=\muskip16
Package: url 2013/09/16  ver 3.4  Verb mode for urls, etc.
)
LaTeX Info: Redefining \url on input line 4804.
\XeTeXLinkMargin=\dimen142

(/usr/share/texlive/texmf-dist/tex/generic/bitset/bitset.sty
Package: bitset 2019/12/09 v1.3 Handle bit-vector datatype (HO)

(/usr/share/texlive/texmf-dist/tex/generic/bigintcalc/bigintcalc.sty
Package: bigintcalc 2019/12/15 v1.5 Expandable calculations on big integers (HO
)
))
\Fld@menulength=\count268
\Field@Width=\dimen143
\Fld@charsize=\dimen144
Package hyperref Info: Hyper figures OFF on input line 6076.
Package hyperref Info: Link nesting OFF on input line 6081.
Package hyperref Info: Hyper index ON on input line 6084.
Package hyperref Info: backreferencing OFF on input line 6091.
Package hyperref Info: Link coloring OFF on input line 6096.
Package hyperref Info: Link coloring with OCG OFF on input line 6101.
Package hyperref Info: PDF/A mode OFF on input line 6106.
LaTeX Info: Redefining \ref on input line 6146.
LaTeX Info: Redefining \pageref on input line 6150.

(/usr/share/texlive/texmf-dist/tex/latex/base/atbegshi-ltx.sty
Package: atbegshi-ltx 2021/01/10 v1.0c Emulation of the original atbegshi
package with kernel methods
)
\Hy@abspage=\count269
\c@Item=\count270
\c@Hfootnote=\count271
)
Package hyperref Info: Driver (autodetected): hpdftex.

(/usr/share/texlive/texmf-dist/tex/latex/hyperref/hpdftex.def
File: hpdftex.def 2021-06-07 v7.00m Hyperref driver for pdfTeX

(/usr/share/texlive/texmf-dist/tex/latex/base/atveryend-ltx.sty
Package: atveryend-ltx 2020/08/19 v1.0a Emulation of the original atveryend pac
kage
with kernel methods
)
\Fld@listcount=\count272
\c@bookmark@seq@number=\count273

(/usr/share/texlive/texmf-dist/tex/latex/rerunfilecheck/rerunfilecheck.sty
Package: rerunfilecheck 2019/12/05 v1.9 Rerun checks for auxiliary files (HO)

(/usr/share/texlive/texmf-dist/tex/generic/uniquecounter/uniquecounter.sty
Package: uniquecounter 2019/12/15 v1.4 Provide unlimited unique counter (HO)
)
Package uniquecounter Info: New unique counter `rerunfilecheck' on input line 2
86.
)
\Hy@SectionHShift=\skip49
)
Package hyperref Info: Option `colorlinks' set `true' on input line 12.

(/usr/share/texlive/texmf-dist/tex/latex/amsmath/amsmath.sty
Package: amsmath 2021/10/15 v2.17l AMS math features
\@mathmargin=\skip50

For additional information on amsmath, use the `?' option.
(/usr/share/texlive/texmf-dist/tex/latex/amsmath/amstext.sty
Package: amstext 2021/08/26 v2.01 AMS text

(/usr/share/texlive/texmf-dist/tex/latex/amsmath/amsgen.sty
File: amsgen.sty 1999/11/30 v2.0 generic functions
\@emptytoks=\toks17
\ex@=\dimen145
))
(/usr/share/texlive/texmf-dist/tex/latex/amsmath/amsbsy.sty
Package: amsbsy 1999/11/29 v1.2d Bold Symbols
\pmbraise@=\dimen146
)
(/usr/share/texlive/texmf-dist/tex/latex/amsmath/amsopn.sty
Package: amsopn 2021/08/26 v2.02 operator names
)
\inf@bad=\count274
LaTeX Info: Redefining \frac on input line 234.
\uproot@=\count275
\leftroot@=\count276
LaTeX Info: Redefining \overline on input line 399.
\classnum@=\count277
\DOTSCASE@=\count278
LaTeX Info: Redefining \ldots on input line 496.
LaTeX Info: Redefining \dots on input line 499.
LaTeX Info: Redefining \cdots on input line 620.
\Mathstrutbox@=\box51
\strutbox@=\box52
\big@size=\dimen147
LaTeX Font Info:    Redeclaring font encoding OML on input line 743.
LaTeX Font Info:    Redeclaring font encoding OMS on input line 744.
\macc@depth=\count279
\c@MaxMatrixCols=\count280
\dotsspace@=\muskip17
\c@parentequation=\count281
\dspbrk@lvl=\count282
\tag@help=\toks18
\row@=\count283
\column@=\count284
\maxfields@=\count285
\andhelp@=\toks19
\eqnshift@=\dimen148
\alignsep@=\dimen149
\tagshift@=\dimen150
\tagwidth@=\dimen151
\totwidth@=\dimen152
\lineht@=\dimen153
\@envbody=\toks20
\multlinegap=\skip51
\multlinetaggap=\skip52
\mathdisplay@stack=\toks21
LaTeX Info: Redefining \[ on input line 2938.
LaTeX Info: Redefining \] on input line 2939.
)
(/usr/share/texlive/texmf-dist/tex/latex/caption/subcaption.sty
Package: subcaption 2020/10/07 v1.3j Sub-captions (AR)

(/usr/share/texlive/texmf-dist/tex/latex/caption/caption.sty
Package: caption 2020/10/26 v3.5g Customizing captions (AR)

(/usr/share/texlive/texmf-dist/tex/latex/caption/caption3.sty
Package: caption3 2020/10/21 v2.2e caption3 kernel (AR)
\captionmargin=\dimen154
\captionmargin@=\dimen155
\captionwidth=\dimen156
\caption@tempdima=\dimen157
\caption@indent=\dimen158
\caption@parindent=\dimen159
\caption@hangindent=\dimen160
Package caption Info: Standard document class detected.
)
\c@caption@flags=\count286
\c@continuedfloat=\count287
Package caption Info: hyperref package is loaded.
)
\c@subfigure=\count288
\c@subtable=\count289
)
(/usr/share/texlive/texmf-dist/tex/latex/tools/array.sty
Package: array 2021/10/04 v2.5f Tabular extension package (FMi)
\col@sep=\dimen161
\ar@mcellbox=\box53
\extrarowheight=\dimen162
\NC@list=\toks22
\extratabsurround=\skip53
\backup@length=\skip54
\ar@cellbox=\box54
)
(/usr/share/texlive/texmf-dist/tex/latex/etoolbox/etoolbox.sty
Package: etoolbox 2020/10/05 v2.5k e-TeX tools for LaTeX (JAW)
\etb@tempcnta=\count290
)
(/usr/share/texlive/texmf-dist/tex/latex/geometry/geometry.sty
Package: geometry 2020/01/02 v5.9 Page Geometry

(/usr/share/texlive/texmf-dist/tex/generic/iftex/ifvtex.sty
Package: ifvtex 2019/10/25 v1.7 ifvtex legacy package. Use iftex instead.
)
\Gm@cnth=\count291
\Gm@cntv=\count292
\c@Gm@tempcnt=\count293
\Gm@bindingoffset=\dimen163
\Gm@wd@mp=\dimen164
\Gm@odd@mp=\dimen165
\Gm@even@mp=\dimen166
\Gm@layoutwidth=\dimen167
\Gm@layoutheight=\dimen168
\Gm@layouthoffset=\dimen169
\Gm@layoutvoffset=\dimen170
\Gm@dimlist=\toks23
)
(/usr/share/texlive/texmf-dist/tex/latex/l3backend/l3backend-pdftex.def
File: l3backend-pdftex.def 2022-01-12 L3 backend support: PDF output (pdfTeX)
\l__color_backend_stack_int=\count294
\l__pdf_internal_box=\box55
)
(./main.aux (./part1.aux)

LaTeX Warning: Label `fig:resblock' multiply defined.

(./plots.aux))
\openout1 = `main.aux'.

LaTeX Font Info:    Checking defaults for OML/cmm/m/it on input line 23.
LaTeX Font Info:    ... okay on input line 23.
LaTeX Font Info:    Checking defaults for OMS/cmsy/m/n on input line 23.
LaTeX Font Info:    ... okay on input line 23.
LaTeX Font Info:    Checking defaults for OT1/cmr/m/n on input line 23.
LaTeX Font Info:    ... okay on input line 23.
LaTeX Font Info:    Checking defaults for T1/cmr/m/n on input line 23.
LaTeX Font Info:    ... okay on input line 23.
LaTeX Font Info:    Checking defaults for TS1/cmr/m/n on input line 23.
LaTeX Font Info:    ... okay on input line 23.
LaTeX Font Info:    Checking defaults for OMX/cmex/m/n on input line 23.
LaTeX Font Info:    ... okay on input line 23.
LaTeX Font Info:    Checking defaults for U/cmr/m/n on input line 23.
LaTeX Font Info:    ... okay on input line 23.
LaTeX Font Info:    Checking defaults for PD1/pdf/m/n on input line 23.
LaTeX Font Info:    ... okay on input line 23.
LaTeX Font Info:    Checking defaults for PU/pdf/m/n on input line 23.
LaTeX Font Info:    ... okay on input line 23.

(/usr/share/texlive/texmf-dist/tex/context/base/mkii/supp-pdf.mkii
[Loading MPS to PDF converter (version 2006.09.02).]
\scratchcounter=\count295
\scratchdimen=\dimen171
\scratchbox=\box56
\nofMPsegments=\count296
\nofMParguments=\count297
\everyMPshowfont=\toks24
\MPscratchCnt=\count298
\MPscratchDim=\dimen172
\MPnumerator=\count299
\makeMPintoPDFobject=\count300
\everyMPtoPDFconversion=\toks25
) (/usr/share/texlive/texmf-dist/tex/latex/epstopdf-pkg/epstopdf-base.sty
Package: epstopdf-base 2020-01-24 v2.11 Base part for package epstopdf
Package epstopdf-base Info: Redefining graphics rule for `.eps' on input line 4
85.

(/usr/share/texlive/texmf-dist/tex/latex/latexconfig/epstopdf-sys.cfg
File: epstopdf-sys.cfg 2010/07/13 v1.3 Configuration of (r)epstopdf for TeX Liv
e
))
Package hyperref Info: Link coloring ON on input line 23.

(/usr/share/texlive/texmf-dist/tex/latex/hyperref/nameref.sty
Package: nameref 2021-04-02 v2.47 Cross-referencing by name of section

(/usr/share/texlive/texmf-dist/tex/latex/refcount/refcount.sty
Package: refcount 2019/12/15 v3.6 Data extraction from label references (HO)
)
(/usr/share/texlive/texmf-dist/tex/generic/gettitlestring/gettitlestring.sty
Package: gettitlestring 2019/12/15 v1.6 Cleanup title references (HO)
)
\c@section@level=\count301
)
LaTeX Info: Redefining \ref on input line 23.
LaTeX Info: Redefining \pageref on input line 23.
LaTeX Info: Redefining \nameref on input line 23.

(./main.out) (./main.out)
\@outlinefile=\write3
\openout3 = `main.out'.

Package caption Info: Begin \AtBeginDocument code.
Package caption Info: End \AtBeginDocument code.

*geometry* driver: auto-detecting
*geometry* detected driver: pdftex
*geometry* verbose mode - [ preamble ] result:
* driver: pdftex
* paper: <default>
* layout: <same size as paper>
* layoutoffset:(h,v)=(0.0pt,0.0pt)
* modes: 
* h-part:(L,W,R)=(57.81621pt, 498.66258pt, 57.81621pt)
* v-part:(T,H,B)=(72.26999pt, 650.43001pt, 72.26999pt)
* \paperwidth=614.295pt
* \paperheight=794.96999pt
* \textwidth=498.66258pt
* \textheight=650.43001pt
* \oddsidemargin=-14.45378pt
* \evensidemargin=-14.45378pt
* \topmargin=-37.0pt
* \headheight=12.0pt
* \headsep=25.0pt
* \topskip=10.0pt
* \footskip=30.0pt
* \marginparwidth=65.0pt
* \marginparsep=11.0pt
* \columnsep=10.0pt
* \skip\footins=9.0pt plus 4.0pt minus 2.0pt
* \hoffset=0.0pt
* \voffset=0.0pt
* \mag=1000
* \@twocolumnfalse
* \@twosidefalse
* \@mparswitchfalse
* \@reversemarginfalse
* (1in=72.27pt=25.4mm, 1cm=28.453pt)


Package svg Warning: You didn't enable `shell escape' (or `write18')
(svg)                so it wasn't possible to launch the Inkscape export
(svg)                for `ConLogo.svg' on input line 28.

Package svg Info: Last page of `./svg-inkscape/ConLogo_svg-tex.pdf' is 1 on inp
ut line 28.
(./svg-inkscape/ConLogo_svg-tex.pdf_tex
<./svg-inkscape/ConLogo_svg-tex.pdf, id=117, page=1, 340.00493pt x 80.77866pt>
File: ./svg-inkscape/ConLogo_svg-tex.pdf Graphic file (type pdf)
<use ./svg-inkscape/ConLogo_svg-tex.pdf, page 1>
Package pdftex.def Info: ./svg-inkscape/ConLogo_svg-tex.pdf , page1 used on inp
ut line 56.
(pdftex.def)             Requested size: 340.00493pt x 80.77844pt.
)

Package svg-extract Warning: You didn't enable `shell escape' (or `write18')
(svg-extract)                so it wasn't possible to run the extraction for
(svg-extract)                file `./svg-inkscape/ConLogo_svg-tex.pdf'
(svg-extract)                 on input line 28.

[1

{/var/lib/texmf/fonts/map/pdftex/updmap/pdftex.map} <./svg-inkscape/ConLogo_svg
-tex.pdf>]
\openout2 = `part1.aux'.

 (./part1.tex
Chapter 1.

Package svg Warning: You didn't enable `shell escape' (or `write18')
(svg)                so it wasn't possible to launch the Inkscape export
(svg)                for `./imgs/initial_countplot.svg' on input line 40.

Package svg Info: Last page of `./svg-inkscape/initial_countplot_svg-tex.pdf' i
s 1 on input line 40.
(./svg-inkscape/initial_countplot_svg-tex.pdf_tex
<./svg-inkscape/initial_countplot_svg-tex.pdf, id=139, page=1, 462.52798pt x 34
6.89601pt>
File: ./svg-inkscape/initial_countplot_svg-tex.pdf Graphic file (type pdf)
<use ./svg-inkscape/initial_countplot_svg-tex.pdf, page 1>
Package pdftex.def Info: ./svg-inkscape/initial_countplot_svg-tex.pdf , page1 u
sed on input line 56.
(pdftex.def)             Requested size: 349.06227pt x 261.80696pt.
)

Package svg-extract Warning: You didn't enable `shell escape' (or `write18')
(svg-extract)                so it wasn't possible to run the extraction for
(svg-extract)                file `./svg-inkscape/initial_countplot_svg-tex.pdf
'
(svg-extract)                 on input line 40.

pdfTeX warning (ext4): destination with the same identifier (name{page.1}) has 
been already used, duplicate ignored
<to be read again> 
                   \relax 
l.49 
      [1


] [2 <./svg-inkscape/initial_countplot_svg-tex.pdf>]
Overfull \hbox (44.09392pt too wide) in paragraph at lines 62--70
 [][] 
 []


Package svg Warning: You didn't enable `shell escape' (or `write18')
(svg)                so it wasn't possible to launch the Inkscape export
(svg)                for `./imgs/NF10.svg' on input line 91.

Package svg Info: Last page of `./svg-inkscape/NF10_svg-tex.pdf' is 1 on input 
line 91.
(./svg-inkscape/NF10_svg-tex.pdf_tex
<./svg-inkscape/NF10_svg-tex.pdf, id=194, page=1, 462.52798pt x 346.89601pt>
File: ./svg-inkscape/NF10_svg-tex.pdf Graphic file (type pdf)
<use ./svg-inkscape/NF10_svg-tex.pdf, page 1>
Package pdftex.def Info: ./svg-inkscape/NF10_svg-tex.pdf , page1 used on input 
line 56.
(pdftex.def)             Requested size: 227.62204pt x 170.71628pt.
)

Package svg-extract Warning: You didn't enable `shell escape' (or `write18')
(svg-extract)                so it wasn't possible to run the extraction for
(svg-extract)                file `./svg-inkscape/NF10_svg-tex.pdf'
(svg-extract)                 on input line 91.


Package svg Warning: You didn't enable `shell escape' (or `write18')
(svg)                so it wasn't possible to launch the Inkscape export
(svg)                for `./imgs/NF2.svg' on input line 93.

Package svg Info: Last page of `./svg-inkscape/NF2_svg-tex.pdf' is 1 on input l
ine 93.
(./svg-inkscape/NF2_svg-tex.pdf_tex
<./svg-inkscape/NF2_svg-tex.pdf, id=196, page=1, 462.52798pt x 346.89601pt>
File: ./svg-inkscape/NF2_svg-tex.pdf Graphic file (type pdf)
<use ./svg-inkscape/NF2_svg-tex.pdf, page 1>
Package pdftex.def Info: ./svg-inkscape/NF2_svg-tex.pdf , page1 used on input l
ine 56.
(pdftex.def)             Requested size: 227.62204pt x 170.71628pt.
)

Package svg-extract Warning: You didn't enable `shell escape' (or `write18')
(svg-extract)                so it wasn't possible to run the extraction for
(svg-extract)                file `./svg-inkscape/NF2_svg-tex.pdf'
(svg-extract)                 on input line 93.


LaTeX Warning: `h' float specifier changed to `ht'.

[3]

Package svg Warning: You didn't enable `shell escape' (or `write18')
(svg)                so it wasn't possible to launch the Inkscape export
(svg)                for `./imgs/uk6.svg' on input line 112.

Package svg Info: Last page of `./svg-inkscape/uk6_svg-tex.pdf' is 1 on input l
ine 112.
(./svg-inkscape/uk6_svg-tex.pdf_tex
<./svg-inkscape/uk6_svg-tex.pdf, id=206, page=1, 462.52798pt x 346.89601pt>
File: ./svg-inkscape/uk6_svg-tex.pdf Graphic file (type pdf)
<use ./svg-inkscape/uk6_svg-tex.pdf, page 1>
Package pdftex.def Info: ./svg-inkscape/uk6_svg-tex.pdf , page1 used on input l
ine 56.
(pdftex.def)             Requested size: 227.62204pt x 170.71628pt.
)

Package svg-extract Warning: You didn't enable `shell escape' (or `write18')
(svg-extract)                so it wasn't possible to run the extraction for
(svg-extract)                file `./svg-inkscape/uk6_svg-tex.pdf'
(svg-extract)                 on input line 112.


Package svg Warning: You didn't enable `shell escape' (or `write18')
(svg)                so it wasn't possible to launch the Inkscape export
(svg)                for `./imgs/uk5.svg' on input line 114.

Package svg Info: Last page of `./svg-inkscape/uk5_svg-tex.pdf' is 1 on input l
ine 114.
(./svg-inkscape/uk5_svg-tex.pdf_tex
<./svg-inkscape/uk5_svg-tex.pdf, id=208, page=1, 462.52798pt x 346.89601pt>
File: ./svg-inkscape/uk5_svg-tex.pdf Graphic file (type pdf)
<use ./svg-inkscape/uk5_svg-tex.pdf, page 1>
Package pdftex.def Info: ./svg-inkscape/uk5_svg-tex.pdf , page1 used on input l
ine 56.
(pdftex.def)             Requested size: 227.62204pt x 170.71628pt.
)

Package svg-extract Warning: You didn't enable `shell escape' (or `write18')
(svg-extract)                so it wasn't possible to run the extraction for
(svg-extract)                file `./svg-inkscape/uk5_svg-tex.pdf'
(svg-extract)                 on input line 114.

[4 <./svg-inkscape/NF10_svg-tex.pdf> <./svg-inkscape/NF2_svg-tex.pdf

pdfTeX warning: /usr/bin/pdflatex (file ./svg-inkscape/NF2_svg-tex.pdf): PDF in
clusion: multiple pdfs with page group included in a single page
> <./svg-inkscape/uk6_svg-tex.pdf

pdfTeX warning: /usr/bin/pdflatex (file ./svg-inkscape/uk6_svg-tex.pdf): PDF in
clusion: multiple pdfs with page group included in a single page
> <./svg-inkscape/uk5_svg-tex.pdf

pdfTeX warning: /usr/bin/pdflatex (file ./svg-inkscape/uk5_svg-tex.pdf): PDF in
clusion: multiple pdfs with page group included in a single page
>]

LaTeX Warning: `h' float specifier changed to `ht'.


Package svg Warning: You didn't enable `shell escape' (or `write18')
(svg)                so it wasn't possible to launch the Inkscape export
(svg)                for `./imgs/final_countplot.svg' on input line 185.

Package svg Info: Last page of `./svg-inkscape/final_countplot_svg-tex.pdf' is 
1 on input line 185.
(./svg-inkscape/final_countplot_svg-tex.pdf_tex
<./svg-inkscape/final_countplot_svg-tex.pdf, id=681, page=1, 462.52798pt x 346.
89601pt>
File: ./svg-inkscape/final_countplot_svg-tex.pdf Graphic file (type pdf)
<use ./svg-inkscape/final_countplot_svg-tex.pdf, page 1>
Package pdftex.def Info: ./svg-inkscape/final_countplot_svg-tex.pdf , page1 use
d on input line 56.
(pdftex.def)             Requested size: 349.06227pt x 261.80696pt.
)

Package svg-extract Warning: You didn't enable `shell escape' (or `write18')
(svg-extract)                so it wasn't possible to run the extraction for
(svg-extract)                file `./svg-inkscape/final_countplot_svg-tex.pdf'
(svg-extract)                 on input line 185.


LaTeX Warning: `h' float specifier changed to `ht'.


Package svg Warning: You didn't enable `shell escape' (or `write18')
(svg)                so it wasn't possible to launch the Inkscape export
(svg)                for `./imgs/angry_sample.svg' on input line 191.

Package svg Info: Last page of `./svg-inkscape/angry_sample_svg-tex.pdf' is 1 o
n input line 191.
(./svg-inkscape/angry_sample_svg-tex.pdf_tex
<./svg-inkscape/angry_sample_svg-tex.pdf, id=683, page=1, 462.52798pt x 346.896
01pt>
File: ./svg-inkscape/angry_sample_svg-tex.pdf Graphic file (type pdf)
<use ./svg-inkscape/angry_sample_svg-tex.pdf, page 1>
Package pdftex.def Info: ./svg-inkscape/angry_sample_svg-tex.pdf , page1 used o
n input line 56.
(pdftex.def)             Requested size: 227.62204pt x 170.71628pt.
)

Package svg-extract Warning: You didn't enable `shell escape' (or `write18')
(svg-extract)                so it wasn't possible to run the extraction for
(svg-extract)                file `./svg-inkscape/angry_sample_svg-tex.pdf'
(svg-extract)                 on input line 191.


Package svg Warning: You didn't enable `shell escape' (or `write18')
(svg)                so it wasn't possible to launch the Inkscape export
(svg)                for `./imgs/bored_sample.svg' on input line 193.

Package svg Info: Last page of `./svg-inkscape/bored_sample_svg-tex.pdf' is 1 o
n input line 193.
(./svg-inkscape/bored_sample_svg-tex.pdf_tex
<./svg-inkscape/bored_sample_svg-tex.pdf, id=685, page=1, 462.52798pt x 346.896
01pt>
File: ./svg-inkscape/bored_sample_svg-tex.pdf Graphic file (type pdf)
<use ./svg-inkscape/bored_sample_svg-tex.pdf, page 1>
Package pdftex.def Info: ./svg-inkscape/bored_sample_svg-tex.pdf , page1 used o
n input line 56.
(pdftex.def)             Requested size: 227.62204pt x 170.71628pt.
)

Package svg-extract Warning: You didn't enable `shell escape' (or `write18')
(svg-extract)                so it wasn't possible to run the extraction for
(svg-extract)                file `./svg-inkscape/bored_sample_svg-tex.pdf'
(svg-extract)                 on input line 193.


Package svg Warning: You didn't enable `shell escape' (or `write18')
(svg)                so it wasn't possible to launch the Inkscape export
(svg)                for `./imgs/neutral_sample.svg' on input line 195.

Package svg Info: Last page of `./svg-inkscape/neutral_sample_svg-tex.pdf' is 1
 on input line 195.
(./svg-inkscape/neutral_sample_svg-tex.pdf_tex
<./svg-inkscape/neutral_sample_svg-tex.pdf, id=687, page=1, 462.52798pt x 346.8
9601pt>
File: ./svg-inkscape/neutral_sample_svg-tex.pdf Graphic file (type pdf)
<use ./svg-inkscape/neutral_sample_svg-tex.pdf, page 1>
Package pdftex.def Info: ./svg-inkscape/neutral_sample_svg-tex.pdf , page1 used
 on input line 56.
(pdftex.def)             Requested size: 227.62204pt x 170.71628pt.
)

Package svg-extract Warning: You didn't enable `shell escape' (or `write18')
(svg-extract)                so it wasn't possible to run the extraction for
(svg-extract)                file `./svg-inkscape/neutral_sample_svg-tex.pdf'
(svg-extract)                 on input line 195.


Package svg Warning: You didn't enable `shell escape' (or `write18')
(svg)                so it wasn't possible to launch the Inkscape export
(svg)                for `./imgs/focused_sample.svg' on input line 197.

Package svg Info: Last page of `./svg-inkscape/focused_sample_svg-tex.pdf' is 1
 on input line 197.
(./svg-inkscape/focused_sample_svg-tex.pdf_tex
<./svg-inkscape/focused_sample_svg-tex.pdf, id=689, page=1, 462.52798pt x 346.8
9601pt>
File: ./svg-inkscape/focused_sample_svg-tex.pdf Graphic file (type pdf)
<use ./svg-inkscape/focused_sample_svg-tex.pdf, page 1>
Package pdftex.def Info: ./svg-inkscape/focused_sample_svg-tex.pdf , page1 used
 on input line 56.
(pdftex.def)             Requested size: 227.62204pt x 170.71628pt.
)

Package svg-extract Warning: You didn't enable `shell escape' (or `write18')
(svg-extract)                so it wasn't possible to run the extraction for
(svg-extract)                file `./svg-inkscape/focused_sample_svg-tex.pdf'
(svg-extract)                 on input line 197.


LaTeX Warning: `h' float specifier changed to `ht'.

) [5] [6 <./svg-inkscape/final_countplot_svg-tex.pdf>] [7 <./svg-inkscape/angry
_sample_svg-tex.pdf> <./svg-inkscape/bored_sample_svg-tex.pdf

pdfTeX warning: /usr/bin/pdflatex (file ./svg-inkscape/bored_sample_svg-tex.pdf
): PDF inclusion: multiple pdfs with page group included in a single page
> <./svg-inkscape/neutral_sample_svg-tex.pdf

pdfTeX warning: /usr/bin/pdflatex (file ./svg-inkscape/neutral_sample_svg-tex.p
df): PDF inclusion: multiple pdfs with page group included in a single page
> <./svg-inkscape/focused_sample_svg-tex.pdf

pdfTeX warning: /usr/bin/pdflatex (file ./svg-inkscape/focused_sample_svg-tex.p
df): PDF inclusion: multiple pdfs with page group included in a single page
>]
Chapter 2.
[8



]

Package svg Warning: You didn't enable `shell escape' (or `write18')
(svg)                so it wasn't possible to launch the Inkscape export
(svg)                for `./imgs/resnet.svg' on input line 119.

Package svg Info: Last page of `./svg-inkscape/resnet_svg-tex.pdf' is 1 on inpu
t line 119.
(./svg-inkscape/resnet_svg-tex.pdf_tex
<./svg-inkscape/resnet_svg-tex.pdf, id=1240, page=1, 1228.08836pt x 644.541pt>
File: ./svg-inkscape/resnet_svg-tex.pdf Graphic file (type pdf)
<use ./svg-inkscape/resnet_svg-tex.pdf, page 1>
Package pdftex.def Info: ./svg-inkscape/resnet_svg-tex.pdf , page1 used on inpu
t line 56.
(pdftex.def)             Requested size: 498.66258pt x 261.71628pt.
)

Package svg-extract Warning: You didn't enable `shell escape' (or `write18')
(svg-extract)                so it wasn't possible to run the extraction for
(svg-extract)                file `./svg-inkscape/resnet_svg-tex.pdf'
(svg-extract)                 on input line 119.


Package svg Warning: You didn't enable `shell escape' (or `write18')
(svg)                so it wasn't possible to launch the Inkscape export
(svg)                for `./imgs/resblock.svg' on input line 129.

Package svg Info: Last page of `./svg-inkscape/resblock_svg-tex.pdf' is 10 on i
nput line 129.
(./svg-inkscape/resblock_svg-tex.pdf_tex
<./svg-inkscape/resblock_svg-tex.pdf, id=1243, page=1, 406.89516pt x 632.3625pt
>
File: ./svg-inkscape/resblock_svg-tex.pdf Graphic file (type pdf)
<use ./svg-inkscape/resblock_svg-tex.pdf, page 1>
Package pdftex.def Info: ./svg-inkscape/resblock_svg-tex.pdf , page1 used on in
put line 56.
(pdftex.def)             Requested size: 149.6003pt x 232.49416pt.
<./svg-inkscape/resblock_svg-tex.pdf, id=1244, page=2, 406.89516pt x 632.3625pt
>
File: ./svg-inkscape/resblock_svg-tex.pdf Graphic file (type pdf)
<use ./svg-inkscape/resblock_svg-tex.pdf, page 2>
Package pdftex.def Info: ./svg-inkscape/resblock_svg-tex.pdf , page2 used on in
put line 58.
(pdftex.def)             Requested size: 149.6003pt x 232.49416pt.
<./svg-inkscape/resblock_svg-tex.pdf, id=1245, page=3, 406.89516pt x 632.3625pt
>
File: ./svg-inkscape/resblock_svg-tex.pdf Graphic file (type pdf)
<use ./svg-inkscape/resblock_svg-tex.pdf, page 3>
Package pdftex.def Info: ./svg-inkscape/resblock_svg-tex.pdf , page3 used on in
put line 60.
(pdftex.def)             Requested size: 149.6003pt x 232.49416pt.
<./svg-inkscape/resblock_svg-tex.pdf, id=1246, page=4, 406.89516pt x 632.3625pt
>
File: ./svg-inkscape/resblock_svg-tex.pdf Graphic file (type pdf)
<use ./svg-inkscape/resblock_svg-tex.pdf, page 4>
Package pdftex.def Info: ./svg-inkscape/resblock_svg-tex.pdf , page4 used on in
put line 62.
(pdftex.def)             Requested size: 149.6003pt x 232.49416pt.
<./svg-inkscape/resblock_svg-tex.pdf, id=1247, page=5, 406.89516pt x 632.3625pt
>
File: ./svg-inkscape/resblock_svg-tex.pdf Graphic file (type pdf)
<use ./svg-inkscape/resblock_svg-tex.pdf, page 5>
Package pdftex.def Info: ./svg-inkscape/resblock_svg-tex.pdf , page5 used on in
put line 64.
(pdftex.def)             Requested size: 149.6003pt x 232.49416pt.
<./svg-inkscape/resblock_svg-tex.pdf, id=1248, page=6, 406.89516pt x 632.3625pt
>
File: ./svg-inkscape/resblock_svg-tex.pdf Graphic file (type pdf)
<use ./svg-inkscape/resblock_svg-tex.pdf, page 6>
Package pdftex.def Info: ./svg-inkscape/resblock_svg-tex.pdf , page6 used on in
put line 66.
(pdftex.def)             Requested size: 149.6003pt x 232.49416pt.
<./svg-inkscape/resblock_svg-tex.pdf, id=1249, page=7, 406.89516pt x 632.3625pt
>
File: ./svg-inkscape/resblock_svg-tex.pdf Graphic file (type pdf)
<use ./svg-inkscape/resblock_svg-tex.pdf, page 7>
Package pdftex.def Info: ./svg-inkscape/resblock_svg-tex.pdf , page7 used on in
put line 68.
(pdftex.def)             Requested size: 149.6003pt x 232.49416pt.
<./svg-inkscape/resblock_svg-tex.pdf, id=1250, page=8, 406.89516pt x 632.3625pt
>
File: ./svg-inkscape/resblock_svg-tex.pdf Graphic file (type pdf)
<use ./svg-inkscape/resblock_svg-tex.pdf, page 8>
Package pdftex.def Info: ./svg-inkscape/resblock_svg-tex.pdf , page8 used on in
put line 70.
(pdftex.def)             Requested size: 149.6003pt x 232.49416pt.
<./svg-inkscape/resblock_svg-tex.pdf, id=1251, page=9, 406.89516pt x 632.3625pt
>
File: ./svg-inkscape/resblock_svg-tex.pdf Graphic file (type pdf)
<use ./svg-inkscape/resblock_svg-tex.pdf, page 9>
Package pdftex.def Info: ./svg-inkscape/resblock_svg-tex.pdf , page9 used on in
put line 72.
(pdftex.def)             Requested size: 149.6003pt x 232.49416pt.
<./svg-inkscape/resblock_svg-tex.pdf, id=1252, page=10, 406.89516pt x 632.3625p
t>
File: ./svg-inkscape/resblock_svg-tex.pdf Graphic file (type pdf)
<use ./svg-inkscape/resblock_svg-tex.pdf, page 10>
Package pdftex.def Info: ./svg-inkscape/resblock_svg-tex.pdf , page10 used on i
nput line 74.
(pdftex.def)             Requested size: 149.6003pt x 232.49416pt.
)

Package svg-extract Warning: You didn't enable `shell escape' (or `write18')
(svg-extract)                so it wasn't possible to run the extraction for
(svg-extract)                file `./svg-inkscape/resblock_svg-tex.pdf'
(svg-extract)                 on input line 129.


LaTeX Warning: `h' float specifier changed to `ht'.

[9 <./svg-inkscape/resnet_svg-tex.pdf>] [10 <./svg-inkscape/resblock_svg-tex.pd
f> <./svg-inkscape/resblock_svg-tex.pdf

pdfTeX warning: /usr/bin/pdflatex (file ./svg-inkscape/resblock_svg-tex.pdf): P
DF inclusion: multiple pdfs with page group included in a single page
> <./svg-inkscape/resblock_svg-tex.pdf

pdfTeX warning: /usr/bin/pdflatex (file ./svg-inkscape/resblock_svg-tex.pdf): P
DF inclusion: multiple pdfs with page group included in a single page
> <./svg-inkscape/resblock_svg-tex.pdf

pdfTeX warning: /usr/bin/pdflatex (file ./svg-inkscape/resblock_svg-tex.pdf): P
DF inclusion: multiple pdfs with page group included in a single page
> <./svg-inkscape/resblock_svg-tex.pdf

pdfTeX warning: /usr/bin/pdflatex (file ./svg-inkscape/resblock_svg-tex.pdf): P
DF inclusion: multiple pdfs with page group included in a single page
> <./svg-inkscape/resblock_svg-tex.pdf

pdfTeX warning: /usr/bin/pdflatex (file ./svg-inkscape/resblock_svg-tex.pdf): P
DF inclusion: multiple pdfs with page group included in a single page
> <./svg-inkscape/resblock_svg-tex.pdf

pdfTeX warning: /usr/bin/pdflatex (file ./svg-inkscape/resblock_svg-tex.pdf): P
DF inclusion: multiple pdfs with page group included in a single page
> <./svg-inkscape/resblock_svg-tex.pdf

pdfTeX warning: /usr/bin/pdflatex (file ./svg-inkscape/resblock_svg-tex.pdf): P
DF inclusion: multiple pdfs with page group included in a single page
> <./svg-inkscape/resblock_svg-tex.pdf

pdfTeX warning: /usr/bin/pdflatex (file ./svg-inkscape/resblock_svg-tex.pdf): P
DF inclusion: multiple pdfs with page group included in a single page
> <./svg-inkscape/resblock_svg-tex.pdf

pdfTeX warning: /usr/bin/pdflatex (file ./svg-inkscape/resblock_svg-tex.pdf): P
DF inclusion: multiple pdfs with page group included in a single page
>]

Package svg Warning: You didn't enable `shell escape' (or `write18')
(svg)                so it wasn't possible to launch the Inkscape export
(svg)                for `imgs/train.svg' on input line 171.

Package svg Info: Last page of `./svg-inkscape/train_svg-tex.pdf' is 1 on input
 line 171.
(./svg-inkscape/train_svg-tex.pdf_tex
<./svg-inkscape/train_svg-tex.pdf, id=1299, page=1, 701.11949pt x 512.8499pt>
File: ./svg-inkscape/train_svg-tex.pdf Graphic file (type pdf)
<use ./svg-inkscape/train_svg-tex.pdf, page 1>
Package pdftex.def Info: ./svg-inkscape/train_svg-tex.pdf , page1 used on input
 line 56.
(pdftex.def)             Requested size: 498.66258pt x 364.76765pt.
)

Package svg-extract Warning: You didn't enable `shell escape' (or `write18')
(svg-extract)                so it wasn't possible to run the extraction for
(svg-extract)                file `./svg-inkscape/train_svg-tex.pdf'
(svg-extract)                 on input line 171.

[11 <./svg-inkscape/train_svg-tex.pdf>]

LaTeX Warning: No positions in optional float specifier.
               Default added (so using `tbp') on input line 218.


Package svg Warning: You didn't enable `shell escape' (or `write18')
(svg)                so it wasn't possible to launch the Inkscape export
(svg)                for `imgs/BvK.svg' on input line 244.

Package svg Info: Last page of `./svg-inkscape/BvK_svg-tex.pdf' is 1 on input l
ine 244.
(./svg-inkscape/BvK_svg-tex.pdf_tex
<./svg-inkscape/BvK_svg-tex.pdf, id=1318, page=1, 462.52798pt x 346.89601pt>
File: ./svg-inkscape/BvK_svg-tex.pdf Graphic file (type pdf)
<use ./svg-inkscape/BvK_svg-tex.pdf, page 1>
Package pdftex.def Info: ./svg-inkscape/BvK_svg-tex.pdf , page1 used on input l
ine 56.
(pdftex.def)             Requested size: 239.3559pt x 179.51888pt.
)

Package svg-extract Warning: You didn't enable `shell escape' (or `write18')
(svg-extract)                so it wasn't possible to run the extraction for
(svg-extract)                file `./svg-inkscape/BvK_svg-tex.pdf'
(svg-extract)                 on input line 244.


Package svg Warning: You didn't enable `shell escape' (or `write18')
(svg)                so it wasn't possible to launch the Inkscape export
(svg)                for `imgs/BvN.svg' on input line 250.

Package svg Info: Last page of `./svg-inkscape/BvN_svg-tex.pdf' is 1 on input l
ine 250.
(./svg-inkscape/BvN_svg-tex.pdf_tex
<./svg-inkscape/BvN_svg-tex.pdf, id=1320, page=1, 462.52798pt x 346.89601pt>
File: ./svg-inkscape/BvN_svg-tex.pdf Graphic file (type pdf)
<use ./svg-inkscape/BvN_svg-tex.pdf, page 1>
Package pdftex.def Info: ./svg-inkscape/BvN_svg-tex.pdf , page1 used on input l
ine 56.
(pdftex.def)             Requested size: 239.3559pt x 179.51888pt.
)

Package svg-extract Warning: You didn't enable `shell escape' (or `write18')
(svg-extract)                so it wasn't possible to run the extraction for
(svg-extract)                file `./svg-inkscape/BvN_svg-tex.pdf'
(svg-extract)                 on input line 250.


Package svg Warning: You didn't enable `shell escape' (or `write18')
(svg)                so it wasn't possible to launch the Inkscape export
(svg)                for `imgs/KvB.svg' on input line 257.

Package svg Info: Last page of `./svg-inkscape/KvB_svg-tex.pdf' is 1 on input l
ine 257.
(./svg-inkscape/KvB_svg-tex.pdf_tex
<./svg-inkscape/KvB_svg-tex.pdf, id=1322, page=1, 462.52798pt x 346.89601pt>
File: ./svg-inkscape/KvB_svg-tex.pdf Graphic file (type pdf)
<use ./svg-inkscape/KvB_svg-tex.pdf, page 1>
Package pdftex.def Info: ./svg-inkscape/KvB_svg-tex.pdf , page1 used on input l
ine 56.
(pdftex.def)             Requested size: 239.3559pt x 179.51888pt.
)

Package svg-extract Warning: You didn't enable `shell escape' (or `write18')
(svg-extract)                so it wasn't possible to run the extraction for
(svg-extract)                file `./svg-inkscape/KvB_svg-tex.pdf'
(svg-extract)                 on input line 257.


Package svg Warning: You didn't enable `shell escape' (or `write18')
(svg)                so it wasn't possible to launch the Inkscape export
(svg)                for `imgs/KvN.svg' on input line 263.

Package svg Info: Last page of `./svg-inkscape/KvN_svg-tex.pdf' is 1 on input l
ine 263.
(./svg-inkscape/KvN_svg-tex.pdf_tex
<./svg-inkscape/KvN_svg-tex.pdf, id=1324, page=1, 462.52798pt x 346.89601pt>
File: ./svg-inkscape/KvN_svg-tex.pdf Graphic file (type pdf)
<use ./svg-inkscape/KvN_svg-tex.pdf, page 1>
Package pdftex.def Info: ./svg-inkscape/KvN_svg-tex.pdf , page1 used on input l
ine 56.
(pdftex.def)             Requested size: 239.3559pt x 179.51888pt.
)

Package svg-extract Warning: You didn't enable `shell escape' (or `write18')
(svg-extract)                so it wasn't possible to run the extraction for
(svg-extract)                file `./svg-inkscape/KvN_svg-tex.pdf'
(svg-extract)                 on input line 263.


Package svg Warning: You didn't enable `shell escape' (or `write18')
(svg)                so it wasn't possible to launch the Inkscape export
(svg)                for `imgs/NvK.svg' on input line 270.

Package svg Info: Last page of `./svg-inkscape/NvK_svg-tex.pdf' is 1 on input l
ine 270.
(./svg-inkscape/NvK_svg-tex.pdf_tex
<./svg-inkscape/NvK_svg-tex.pdf, id=1326, page=1, 462.52798pt x 346.89601pt>
File: ./svg-inkscape/NvK_svg-tex.pdf Graphic file (type pdf)
<use ./svg-inkscape/NvK_svg-tex.pdf, page 1>
Package pdftex.def Info: ./svg-inkscape/NvK_svg-tex.pdf , page1 used on input l
ine 56.
(pdftex.def)             Requested size: 239.3559pt x 179.51888pt.
)

Package svg-extract Warning: You didn't enable `shell escape' (or `write18')
(svg-extract)                so it wasn't possible to run the extraction for
(svg-extract)                file `./svg-inkscape/NvK_svg-tex.pdf'
(svg-extract)                 on input line 270.


Package svg Warning: You didn't enable `shell escape' (or `write18')
(svg)                so it wasn't possible to launch the Inkscape export
(svg)                for `imgs/NvB.svg' on input line 276.

Package svg Info: Last page of `./svg-inkscape/NvB_svg-tex.pdf' is 1 on input l
ine 276.
(./svg-inkscape/NvB_svg-tex.pdf_tex
<./svg-inkscape/NvB_svg-tex.pdf, id=1328, page=1, 462.52798pt x 346.89601pt>
File: ./svg-inkscape/NvB_svg-tex.pdf Graphic file (type pdf)
<use ./svg-inkscape/NvB_svg-tex.pdf, page 1>
Package pdftex.def Info: ./svg-inkscape/NvB_svg-tex.pdf , page1 used on input l
ine 56.
(pdftex.def)             Requested size: 239.3559pt x 179.51888pt.
)

Package svg-extract Warning: You didn't enable `shell escape' (or `write18')
(svg-extract)                so it wasn't possible to run the extraction for
(svg-extract)                file `./svg-inkscape/NvB_svg-tex.pdf'
(svg-extract)                 on input line 276.

[12] [13 <./svg-inkscape/BvK_svg-tex.pdf> <./svg-inkscape/BvN_svg-tex.pdf

pdfTeX warning: /usr/bin/pdflatex (file ./svg-inkscape/BvN_svg-tex.pdf): PDF in
clusion: multiple pdfs with page group included in a single page
> <./svg-inkscape/KvB_svg-tex.pdf

pdfTeX warning: /usr/bin/pdflatex (file ./svg-inkscape/KvB_svg-tex.pdf): PDF in
clusion: multiple pdfs with page group included in a single page
> <./svg-inkscape/KvN_svg-tex.pdf

pdfTeX warning: /usr/bin/pdflatex (file ./svg-inkscape/KvN_svg-tex.pdf): PDF in
clusion: multiple pdfs with page group included in a single page
> <./svg-inkscape/NvK_svg-tex.pdf

pdfTeX warning: /usr/bin/pdflatex (file ./svg-inkscape/NvK_svg-tex.pdf): PDF in
clusion: multiple pdfs with page group included in a single page
> <./svg-inkscape/NvB_svg-tex.pdf

pdfTeX warning: /usr/bin/pdflatex (file ./svg-inkscape/NvB_svg-tex.pdf): PDF in
clusion: multiple pdfs with page group included in a single page
>]
\openout2 = `plots.aux'.

 (./plots.tex

Package svg Warning: You didn't enable `shell escape' (or `write18')
(svg)                so it wasn't possible to launch the Inkscape export
(svg)                for `res_imgs/B16_N4_FC1_K3_AP20confMatrixTest.svg' on inp
ut line 6.

Package svg Info: Last page of `./svg-inkscape/B16_N4_FC1_K3_AP20confMatrixTest
_svg-tex.pdf' is 1 on input line 6.
(./svg-inkscape/B16_N4_FC1_K3_AP20confMatrixTest_svg-tex.pdf_tex
<./svg-inkscape/B16_N4_FC1_K3_AP20confMatrixTest_svg-tex.pdf, id=1950, page=1, 
462.52798pt x 346.89601pt>
File: ./svg-inkscape/B16_N4_FC1_K3_AP20confMatrixTest_svg-tex.pdf Graphic file 
(type pdf)
<use ./svg-inkscape/B16_N4_FC1_K3_AP20confMatrixTest_svg-tex.pdf, page 1>
Package pdftex.def Info: ./svg-inkscape/B16_N4_FC1_K3_AP20confMatrixTest_svg-te
x.pdf , page1 used on input line 56.
(pdftex.def)             Requested size: 149.6003pt x 112.19995pt.
)

Package svg-extract Warning: You didn't enable `shell escape' (or `write18')
(svg-extract)                so it wasn't possible to run the extraction for
(svg-extract)                file `./svg-inkscape/B16_N4_FC1_K3_AP20confMatrixT
est_svg-tex.pdf'
(svg-extract)                 on input line 6.


Package svg Warning: You didn't enable `shell escape' (or `write18')
(svg)                so it wasn't possible to launch the Inkscape export
(svg)                for `res_imgs/B16_N4_FC1_K3_AP20Loss.svg' on input line 12
.

Package svg Info: Last page of `./svg-inkscape/B16_N4_FC1_K3_AP20Loss_svg-tex.p
df' is 1 on input line 12.
(./svg-inkscape/B16_N4_FC1_K3_AP20Loss_svg-tex.pdf_tex
<./svg-inkscape/B16_N4_FC1_K3_AP20Loss_svg-tex.pdf, id=1952, page=1, 1084.05pt 
x 722.7pt>
File: ./svg-inkscape/B16_N4_FC1_K3_AP20Loss_svg-tex.pdf Graphic file (type pdf)

<use ./svg-inkscape/B16_N4_FC1_K3_AP20Loss_svg-tex.pdf, page 1>
Package pdftex.def Info: ./svg-inkscape/B16_N4_FC1_K3_AP20Loss_svg-tex.pdf , pa
ge1 used on input line 56.
(pdftex.def)             Requested size: 149.6003pt x 99.7327pt.
)

Package svg-extract Warning: You didn't enable `shell escape' (or `write18')
(svg-extract)                so it wasn't possible to run the extraction for
(svg-extract)                file `./svg-inkscape/B16_N4_FC1_K3_AP20Loss_svg-te
x.pdf'
(svg-extract)                 on input line 12.


Package svg Warning: You didn't enable `shell escape' (or `write18')
(svg)                so it wasn't possible to launch the Inkscape export
(svg)                for `res_imgs/B16_N4_FC1_K3_AP20metrics_mocro.svg' on inpu
t line 18.

Package svg Info: Last page of `./svg-inkscape/B16_N4_FC1_K3_AP20metrics_mocro_
svg-tex.pdf' is 1 on input line 18.
(./svg-inkscape/B16_N4_FC1_K3_AP20metrics_mocro_svg-tex.pdf_tex
<./svg-inkscape/B16_N4_FC1_K3_AP20metrics_mocro_svg-tex.pdf, id=1954, page=1, 1
084.05pt x 722.7pt>
File: ./svg-inkscape/B16_N4_FC1_K3_AP20metrics_mocro_svg-tex.pdf Graphic file (
type pdf)
<use ./svg-inkscape/B16_N4_FC1_K3_AP20metrics_mocro_svg-tex.pdf, page 1>
Package pdftex.def Info: ./svg-inkscape/B16_N4_FC1_K3_AP20metrics_mocro_svg-tex
.pdf , page1 used on input line 56.
(pdftex.def)             Requested size: 149.6003pt x 99.7327pt.
)

Package svg-extract Warning: You didn't enable `shell escape' (or `write18')
(svg-extract)                so it wasn't possible to run the extraction for
(svg-extract)                file `./svg-inkscape/B16_N4_FC1_K3_AP20metrics_moc
ro_svg-tex.pdf'
(svg-extract)                 on input line 18.


Package svg Warning: You didn't enable `shell escape' (or `write18')
(svg)                so it wasn't possible to launch the Inkscape export
(svg)                for `res_imgs/B32_N4_FC1_K3_AP20confMatrixTest.svg' on inp
ut line 34.

Package svg Info: Last page of `./svg-inkscape/B32_N4_FC1_K3_AP20confMatrixTest
_svg-tex.pdf' is 1 on input line 34.
(./svg-inkscape/B32_N4_FC1_K3_AP20confMatrixTest_svg-tex.pdf_tex
<./svg-inkscape/B32_N4_FC1_K3_AP20confMatrixTest_svg-tex.pdf, id=1956, page=1, 
462.52798pt x 346.89601pt>
File: ./svg-inkscape/B32_N4_FC1_K3_AP20confMatrixTest_svg-tex.pdf Graphic file 
(type pdf)
<use ./svg-inkscape/B32_N4_FC1_K3_AP20confMatrixTest_svg-tex.pdf, page 1>
Package pdftex.def Info: ./svg-inkscape/B32_N4_FC1_K3_AP20confMatrixTest_svg-te
x.pdf , page1 used on input line 56.
(pdftex.def)             Requested size: 149.6003pt x 112.19995pt.
)

Package svg-extract Warning: You didn't enable `shell escape' (or `write18')
(svg-extract)                so it wasn't possible to run the extraction for
(svg-extract)                file `./svg-inkscape/B32_N4_FC1_K3_AP20confMatrixT
est_svg-tex.pdf'
(svg-extract)                 on input line 34.


Package svg Warning: You didn't enable `shell escape' (or `write18')
(svg)                so it wasn't possible to launch the Inkscape export
(svg)                for `res_imgs/B32_N4_FC1_K3_AP20Loss.svg' on input line 40
.

Package svg Info: Last page of `./svg-inkscape/B32_N4_FC1_K3_AP20Loss_svg-tex.p
df' is 1 on input line 40.
(./svg-inkscape/B32_N4_FC1_K3_AP20Loss_svg-tex.pdf_tex
<./svg-inkscape/B32_N4_FC1_K3_AP20Loss_svg-tex.pdf, id=1958, page=1, 1084.05pt 
x 722.7pt>
File: ./svg-inkscape/B32_N4_FC1_K3_AP20Loss_svg-tex.pdf Graphic file (type pdf)

<use ./svg-inkscape/B32_N4_FC1_K3_AP20Loss_svg-tex.pdf, page 1>
Package pdftex.def Info: ./svg-inkscape/B32_N4_FC1_K3_AP20Loss_svg-tex.pdf , pa
ge1 used on input line 56.
(pdftex.def)             Requested size: 149.6003pt x 99.7327pt.
)

Package svg-extract Warning: You didn't enable `shell escape' (or `write18')
(svg-extract)                so it wasn't possible to run the extraction for
(svg-extract)                file `./svg-inkscape/B32_N4_FC1_K3_AP20Loss_svg-te
x.pdf'
(svg-extract)                 on input line 40.


Package svg Warning: You didn't enable `shell escape' (or `write18')
(svg)                so it wasn't possible to launch the Inkscape export
(svg)                for `res_imgs/B32_N4_FC1_K3_AP20metrics_mocro.svg' on inpu
t line 46.

Package svg Info: Last page of `./svg-inkscape/B32_N4_FC1_K3_AP20metrics_mocro_
svg-tex.pdf' is 1 on input line 46.
(./svg-inkscape/B32_N4_FC1_K3_AP20metrics_mocro_svg-tex.pdf_tex
<./svg-inkscape/B32_N4_FC1_K3_AP20metrics_mocro_svg-tex.pdf, id=1960, page=1, 1
084.05pt x 722.7pt>
File: ./svg-inkscape/B32_N4_FC1_K3_AP20metrics_mocro_svg-tex.pdf Graphic file (
type pdf)
<use ./svg-inkscape/B32_N4_FC1_K3_AP20metrics_mocro_svg-tex.pdf, page 1>
Package pdftex.def Info: ./svg-inkscape/B32_N4_FC1_K3_AP20metrics_mocro_svg-tex
.pdf , page1 used on input line 56.
(pdftex.def)             Requested size: 149.6003pt x 99.7327pt.
)

Package svg-extract Warning: You didn't enable `shell escape' (or `write18')
(svg-extract)                so it wasn't possible to run the extraction for
(svg-extract)                file `./svg-inkscape/B32_N4_FC1_K3_AP20metrics_moc
ro_svg-tex.pdf'
(svg-extract)                 on input line 46.


Package svg Warning: You didn't enable `shell escape' (or `write18')
(svg)                so it wasn't possible to launch the Inkscape export
(svg)                for `res_imgs/B16_N8_FC2_K3_AP20confMatrixTest.svg' on inp
ut line 62.

Package svg Info: Last page of `./svg-inkscape/B16_N8_FC2_K3_AP20confMatrixTest
_svg-tex.pdf' is 1 on input line 62.
(./svg-inkscape/B16_N8_FC2_K3_AP20confMatrixTest_svg-tex.pdf_tex
<./svg-inkscape/B16_N8_FC2_K3_AP20confMatrixTest_svg-tex.pdf, id=1962, page=1, 
462.52798pt x 346.89601pt>
File: ./svg-inkscape/B16_N8_FC2_K3_AP20confMatrixTest_svg-tex.pdf Graphic file 
(type pdf)
<use ./svg-inkscape/B16_N8_FC2_K3_AP20confMatrixTest_svg-tex.pdf, page 1>
Package pdftex.def Info: ./svg-inkscape/B16_N8_FC2_K3_AP20confMatrixTest_svg-te
x.pdf , page1 used on input line 56.
(pdftex.def)             Requested size: 149.6003pt x 112.19995pt.
)

Package svg-extract Warning: You didn't enable `shell escape' (or `write18')
(svg-extract)                so it wasn't possible to run the extraction for
(svg-extract)                file `./svg-inkscape/B16_N8_FC2_K3_AP20confMatrixT
est_svg-tex.pdf'
(svg-extract)                 on input line 62.


Package svg Warning: You didn't enable `shell escape' (or `write18')
(svg)                so it wasn't possible to launch the Inkscape export
(svg)                for `res_imgs/B16_N8_FC2_K3_AP20Loss.svg' on input line 68
.

Package svg Info: Last page of `./svg-inkscape/B16_N8_FC2_K3_AP20Loss_svg-tex.p
df' is 1 on input line 68.
(./svg-inkscape/B16_N8_FC2_K3_AP20Loss_svg-tex.pdf_tex
<./svg-inkscape/B16_N8_FC2_K3_AP20Loss_svg-tex.pdf, id=1964, page=1, 1084.05pt 
x 722.7pt>
File: ./svg-inkscape/B16_N8_FC2_K3_AP20Loss_svg-tex.pdf Graphic file (type pdf)

<use ./svg-inkscape/B16_N8_FC2_K3_AP20Loss_svg-tex.pdf, page 1>
Package pdftex.def Info: ./svg-inkscape/B16_N8_FC2_K3_AP20Loss_svg-tex.pdf , pa
ge1 used on input line 56.
(pdftex.def)             Requested size: 149.6003pt x 99.7327pt.
)

Package svg-extract Warning: You didn't enable `shell escape' (or `write18')
(svg-extract)                so it wasn't possible to run the extraction for
(svg-extract)                file `./svg-inkscape/B16_N8_FC2_K3_AP20Loss_svg-te
x.pdf'
(svg-extract)                 on input line 68.


Package svg Warning: You didn't enable `shell escape' (or `write18')
(svg)                so it wasn't possible to launch the Inkscape export
(svg)                for `res_imgs/B16_N8_FC2_K3_AP20metrics_mocro.svg' on inpu
t line 74.

Package svg Info: Last page of `./svg-inkscape/B16_N8_FC2_K3_AP20metrics_mocro_
svg-tex.pdf' is 1 on input line 74.
(./svg-inkscape/B16_N8_FC2_K3_AP20metrics_mocro_svg-tex.pdf_tex
<./svg-inkscape/B16_N8_FC2_K3_AP20metrics_mocro_svg-tex.pdf, id=1966, page=1, 1
084.05pt x 722.7pt>
File: ./svg-inkscape/B16_N8_FC2_K3_AP20metrics_mocro_svg-tex.pdf Graphic file (
type pdf)
<use ./svg-inkscape/B16_N8_FC2_K3_AP20metrics_mocro_svg-tex.pdf, page 1>
Package pdftex.def Info: ./svg-inkscape/B16_N8_FC2_K3_AP20metrics_mocro_svg-tex
.pdf , page1 used on input line 56.
(pdftex.def)             Requested size: 149.6003pt x 99.7327pt.
)

Package svg-extract Warning: You didn't enable `shell escape' (or `write18')
(svg-extract)                so it wasn't possible to run the extraction for
(svg-extract)                file `./svg-inkscape/B16_N8_FC2_K3_AP20metrics_moc
ro_svg-tex.pdf'
(svg-extract)                 on input line 74.


Package svg Warning: You didn't enable `shell escape' (or `write18')
(svg)                so it wasn't possible to launch the Inkscape export
(svg)                for `res_imgs/B32_N8_FC2_K3_AP20confMatrixTest.svg' on inp
ut line 90.

Package svg Info: Last page of `./svg-inkscape/B32_N8_FC2_K3_AP20confMatrixTest
_svg-tex.pdf' is 1 on input line 90.
(./svg-inkscape/B32_N8_FC2_K3_AP20confMatrixTest_svg-tex.pdf_tex
<./svg-inkscape/B32_N8_FC2_K3_AP20confMatrixTest_svg-tex.pdf, id=1968, page=1, 
462.52798pt x 346.89601pt>
File: ./svg-inkscape/B32_N8_FC2_K3_AP20confMatrixTest_svg-tex.pdf Graphic file 
(type pdf)
<use ./svg-inkscape/B32_N8_FC2_K3_AP20confMatrixTest_svg-tex.pdf, page 1>
Package pdftex.def Info: ./svg-inkscape/B32_N8_FC2_K3_AP20confMatrixTest_svg-te
x.pdf , page1 used on input line 56.
(pdftex.def)             Requested size: 149.6003pt x 112.19995pt.
)

Package svg-extract Warning: You didn't enable `shell escape' (or `write18')
(svg-extract)                so it wasn't possible to run the extraction for
(svg-extract)                file `./svg-inkscape/B32_N8_FC2_K3_AP20confMatrixT
est_svg-tex.pdf'
(svg-extract)                 on input line 90.


Package svg Warning: You didn't enable `shell escape' (or `write18')
(svg)                so it wasn't possible to launch the Inkscape export
(svg)                for `res_imgs/B32_N8_FC2_K3_AP20Loss.svg' on input line 96
.

Package svg Info: Last page of `./svg-inkscape/B32_N8_FC2_K3_AP20Loss_svg-tex.p
df' is 1 on input line 96.
(./svg-inkscape/B32_N8_FC2_K3_AP20Loss_svg-tex.pdf_tex
<./svg-inkscape/B32_N8_FC2_K3_AP20Loss_svg-tex.pdf, id=1970, page=1, 1084.05pt 
x 722.7pt>
File: ./svg-inkscape/B32_N8_FC2_K3_AP20Loss_svg-tex.pdf Graphic file (type pdf)

<use ./svg-inkscape/B32_N8_FC2_K3_AP20Loss_svg-tex.pdf, page 1>
Package pdftex.def Info: ./svg-inkscape/B32_N8_FC2_K3_AP20Loss_svg-tex.pdf , pa
ge1 used on input line 56.
(pdftex.def)             Requested size: 149.6003pt x 99.7327pt.
)

Package svg-extract Warning: You didn't enable `shell escape' (or `write18')
(svg-extract)                so it wasn't possible to run the extraction for
(svg-extract)                file `./svg-inkscape/B32_N8_FC2_K3_AP20Loss_svg-te
x.pdf'
(svg-extract)                 on input line 96.


Package svg Warning: You didn't enable `shell escape' (or `write18')
(svg)                so it wasn't possible to launch the Inkscape export
(svg)                for `res_imgs/B32_N8_FC2_K3_AP20metrics_mocro.svg' on inpu
t line 102.

Package svg Info: Last page of `./svg-inkscape/B32_N8_FC2_K3_AP20metrics_mocro_
svg-tex.pdf' is 1 on input line 102.
(./svg-inkscape/B32_N8_FC2_K3_AP20metrics_mocro_svg-tex.pdf_tex
<./svg-inkscape/B32_N8_FC2_K3_AP20metrics_mocro_svg-tex.pdf, id=1972, page=1, 1
084.05pt x 722.7pt>
File: ./svg-inkscape/B32_N8_FC2_K3_AP20metrics_mocro_svg-tex.pdf Graphic file (
type pdf)
<use ./svg-inkscape/B32_N8_FC2_K3_AP20metrics_mocro_svg-tex.pdf, page 1>
Package pdftex.def Info: ./svg-inkscape/B32_N8_FC2_K3_AP20metrics_mocro_svg-tex
.pdf , page1 used on input line 56.
(pdftex.def)             Requested size: 149.6003pt x 99.7327pt.
)

Package svg-extract Warning: You didn't enable `shell escape' (or `write18')
(svg-extract)                so it wasn't possible to run the extraction for
(svg-extract)                file `./svg-inkscape/B32_N8_FC2_K3_AP20metrics_moc
ro_svg-tex.pdf'
(svg-extract)                 on input line 102.


Package svg Warning: You didn't enable `shell escape' (or `write18')
(svg)                so it wasn't possible to launch the Inkscape export
(svg)                for `res_imgs/B16_N4_FC1_K5_AP20confMatrixTest.svg' on inp
ut line 118.

Package svg Info: Last page of `./svg-inkscape/B16_N4_FC1_K5_AP20confMatrixTest
_svg-tex.pdf' is 1 on input line 118.
(./svg-inkscape/B16_N4_FC1_K5_AP20confMatrixTest_svg-tex.pdf_tex
<./svg-inkscape/B16_N4_FC1_K5_AP20confMatrixTest_svg-tex.pdf, id=1974, page=1, 
462.52798pt x 346.89601pt>
File: ./svg-inkscape/B16_N4_FC1_K5_AP20confMatrixTest_svg-tex.pdf Graphic file 
(type pdf)
<use ./svg-inkscape/B16_N4_FC1_K5_AP20confMatrixTest_svg-tex.pdf, page 1>
Package pdftex.def Info: ./svg-inkscape/B16_N4_FC1_K5_AP20confMatrixTest_svg-te
x.pdf , page1 used on input line 56.
(pdftex.def)             Requested size: 149.6003pt x 112.19995pt.
)

Package svg-extract Warning: You didn't enable `shell escape' (or `write18')
(svg-extract)                so it wasn't possible to run the extraction for
(svg-extract)                file `./svg-inkscape/B16_N4_FC1_K5_AP20confMatrixT
est_svg-tex.pdf'
(svg-extract)                 on input line 118.


Package svg Warning: You didn't enable `shell escape' (or `write18')
(svg)                so it wasn't possible to launch the Inkscape export
(svg)                for `res_imgs/B16_N4_FC1_K5_AP20Loss.svg' on input line 12
4.

Package svg Info: Last page of `./svg-inkscape/B16_N4_FC1_K5_AP20Loss_svg-tex.p
df' is 1 on input line 124.
(./svg-inkscape/B16_N4_FC1_K5_AP20Loss_svg-tex.pdf_tex
<./svg-inkscape/B16_N4_FC1_K5_AP20Loss_svg-tex.pdf, id=1976, page=1, 1084.05pt 
x 722.7pt>
File: ./svg-inkscape/B16_N4_FC1_K5_AP20Loss_svg-tex.pdf Graphic file (type pdf)

<use ./svg-inkscape/B16_N4_FC1_K5_AP20Loss_svg-tex.pdf, page 1>
Package pdftex.def Info: ./svg-inkscape/B16_N4_FC1_K5_AP20Loss_svg-tex.pdf , pa
ge1 used on input line 56.
(pdftex.def)             Requested size: 149.6003pt x 99.7327pt.
)

Package svg-extract Warning: You didn't enable `shell escape' (or `write18')
(svg-extract)                so it wasn't possible to run the extraction for
(svg-extract)                file `./svg-inkscape/B16_N4_FC1_K5_AP20Loss_svg-te
x.pdf'
(svg-extract)                 on input line 124.


Package svg Warning: You didn't enable `shell escape' (or `write18')
(svg)                so it wasn't possible to launch the Inkscape export
(svg)                for `res_imgs/B16_N4_FC1_K5_AP20metrics_mocro.svg' on inpu
t line 130.

Package svg Info: Last page of `./svg-inkscape/B16_N4_FC1_K5_AP20metrics_mocro_
svg-tex.pdf' is 1 on input line 130.
(./svg-inkscape/B16_N4_FC1_K5_AP20metrics_mocro_svg-tex.pdf_tex
<./svg-inkscape/B16_N4_FC1_K5_AP20metrics_mocro_svg-tex.pdf, id=1978, page=1, 1
084.05pt x 722.7pt>
File: ./svg-inkscape/B16_N4_FC1_K5_AP20metrics_mocro_svg-tex.pdf Graphic file (
type pdf)
<use ./svg-inkscape/B16_N4_FC1_K5_AP20metrics_mocro_svg-tex.pdf, page 1>
Package pdftex.def Info: ./svg-inkscape/B16_N4_FC1_K5_AP20metrics_mocro_svg-tex
.pdf , page1 used on input line 56.
(pdftex.def)             Requested size: 149.6003pt x 99.7327pt.
)

Package svg-extract Warning: You didn't enable `shell escape' (or `write18')
(svg-extract)                so it wasn't possible to run the extraction for
(svg-extract)                file `./svg-inkscape/B16_N4_FC1_K5_AP20metrics_moc
ro_svg-tex.pdf'
(svg-extract)                 on input line 130.


Package svg Warning: You didn't enable `shell escape' (or `write18')
(svg)                so it wasn't possible to launch the Inkscape export
(svg)                for `res_imgs/B32_N4_FC1_K5_AP20confMatrixTest.svg' on inp
ut line 147.

Package svg Info: Last page of `./svg-inkscape/B32_N4_FC1_K5_AP20confMatrixTest
_svg-tex.pdf' is 1 on input line 147.
(./svg-inkscape/B32_N4_FC1_K5_AP20confMatrixTest_svg-tex.pdf_tex
<./svg-inkscape/B32_N4_FC1_K5_AP20confMatrixTest_svg-tex.pdf, id=1980, page=1, 
462.52798pt x 346.89601pt>
File: ./svg-inkscape/B32_N4_FC1_K5_AP20confMatrixTest_svg-tex.pdf Graphic file 
(type pdf)
<use ./svg-inkscape/B32_N4_FC1_K5_AP20confMatrixTest_svg-tex.pdf, page 1>
Package pdftex.def Info: ./svg-inkscape/B32_N4_FC1_K5_AP20confMatrixTest_svg-te
x.pdf , page1 used on input line 56.
(pdftex.def)             Requested size: 149.6003pt x 112.19995pt.
)

Package svg-extract Warning: You didn't enable `shell escape' (or `write18')
(svg-extract)                so it wasn't possible to run the extraction for
(svg-extract)                file `./svg-inkscape/B32_N4_FC1_K5_AP20confMatrixT
est_svg-tex.pdf'
(svg-extract)                 on input line 147.


Package svg Warning: You didn't enable `shell escape' (or `write18')
(svg)                so it wasn't possible to launch the Inkscape export
(svg)                for `res_imgs/B32_N4_FC1_K5_AP20Loss.svg' on input line 15
3.

Package svg Info: Last page of `./svg-inkscape/B32_N4_FC1_K5_AP20Loss_svg-tex.p
df' is 1 on input line 153.
(./svg-inkscape/B32_N4_FC1_K5_AP20Loss_svg-tex.pdf_tex
<./svg-inkscape/B32_N4_FC1_K5_AP20Loss_svg-tex.pdf, id=1982, page=1, 1084.05pt 
x 722.7pt>
File: ./svg-inkscape/B32_N4_FC1_K5_AP20Loss_svg-tex.pdf Graphic file (type pdf)

<use ./svg-inkscape/B32_N4_FC1_K5_AP20Loss_svg-tex.pdf, page 1>
Package pdftex.def Info: ./svg-inkscape/B32_N4_FC1_K5_AP20Loss_svg-tex.pdf , pa
ge1 used on input line 56.
(pdftex.def)             Requested size: 149.6003pt x 99.7327pt.
)

Package svg-extract Warning: You didn't enable `shell escape' (or `write18')
(svg-extract)                so it wasn't possible to run the extraction for
(svg-extract)                file `./svg-inkscape/B32_N4_FC1_K5_AP20Loss_svg-te
x.pdf'
(svg-extract)                 on input line 153.


Package svg Warning: You didn't enable `shell escape' (or `write18')
(svg)                so it wasn't possible to launch the Inkscape export
(svg)                for `res_imgs/B32_N4_FC1_K5_AP20metrics_mocro.svg' on inpu
t line 159.

Package svg Info: Last page of `./svg-inkscape/B32_N4_FC1_K5_AP20metrics_mocro_
svg-tex.pdf' is 1 on input line 159.
(./svg-inkscape/B32_N4_FC1_K5_AP20metrics_mocro_svg-tex.pdf_tex
<./svg-inkscape/B32_N4_FC1_K5_AP20metrics_mocro_svg-tex.pdf, id=1984, page=1, 1
084.05pt x 722.7pt>
File: ./svg-inkscape/B32_N4_FC1_K5_AP20metrics_mocro_svg-tex.pdf Graphic file (
type pdf)
<use ./svg-inkscape/B32_N4_FC1_K5_AP20metrics_mocro_svg-tex.pdf, page 1>
Package pdftex.def Info: ./svg-inkscape/B32_N4_FC1_K5_AP20metrics_mocro_svg-tex
.pdf , page1 used on input line 56.
(pdftex.def)             Requested size: 149.6003pt x 99.7327pt.
)

Package svg-extract Warning: You didn't enable `shell escape' (or `write18')
(svg-extract)                so it wasn't possible to run the extraction for
(svg-extract)                file `./svg-inkscape/B32_N4_FC1_K5_AP20metrics_moc
ro_svg-tex.pdf'
(svg-extract)                 on input line 159.


Package svg Warning: You didn't enable `shell escape' (or `write18')
(svg)                so it wasn't possible to launch the Inkscape export
(svg)                for `res_imgs/B16_N8_FC2_K5_AP20confMatrixTest.svg' on inp
ut line 175.

Package svg Info: Last page of `./svg-inkscape/B16_N8_FC2_K5_AP20confMatrixTest
_svg-tex.pdf' is 1 on input line 175.
(./svg-inkscape/B16_N8_FC2_K5_AP20confMatrixTest_svg-tex.pdf_tex
<./svg-inkscape/B16_N8_FC2_K5_AP20confMatrixTest_svg-tex.pdf, id=1986, page=1, 
462.52798pt x 346.89601pt>
File: ./svg-inkscape/B16_N8_FC2_K5_AP20confMatrixTest_svg-tex.pdf Graphic file 
(type pdf)
<use ./svg-inkscape/B16_N8_FC2_K5_AP20confMatrixTest_svg-tex.pdf, page 1>
Package pdftex.def Info: ./svg-inkscape/B16_N8_FC2_K5_AP20confMatrixTest_svg-te
x.pdf , page1 used on input line 56.
(pdftex.def)             Requested size: 149.6003pt x 112.19995pt.
)

Package svg-extract Warning: You didn't enable `shell escape' (or `write18')
(svg-extract)                so it wasn't possible to run the extraction for
(svg-extract)                file `./svg-inkscape/B16_N8_FC2_K5_AP20confMatrixT
est_svg-tex.pdf'
(svg-extract)                 on input line 175.


Package svg Warning: You didn't enable `shell escape' (or `write18')
(svg)                so it wasn't possible to launch the Inkscape export
(svg)                for `res_imgs/B16_N8_FC2_K5_AP20Loss.svg' on input line 18
1.

Package svg Info: Last page of `./svg-inkscape/B16_N8_FC2_K5_AP20Loss_svg-tex.p
df' is 1 on input line 181.
(./svg-inkscape/B16_N8_FC2_K5_AP20Loss_svg-tex.pdf_tex
<./svg-inkscape/B16_N8_FC2_K5_AP20Loss_svg-tex.pdf, id=1988, page=1, 1084.05pt 
x 722.7pt>
File: ./svg-inkscape/B16_N8_FC2_K5_AP20Loss_svg-tex.pdf Graphic file (type pdf)

<use ./svg-inkscape/B16_N8_FC2_K5_AP20Loss_svg-tex.pdf, page 1>
Package pdftex.def Info: ./svg-inkscape/B16_N8_FC2_K5_AP20Loss_svg-tex.pdf , pa
ge1 used on input line 56.
(pdftex.def)             Requested size: 149.6003pt x 99.7327pt.
)

Package svg-extract Warning: You didn't enable `shell escape' (or `write18')
(svg-extract)                so it wasn't possible to run the extraction for
(svg-extract)                file `./svg-inkscape/B16_N8_FC2_K5_AP20Loss_svg-te
x.pdf'
(svg-extract)                 on input line 181.


Package svg Warning: You didn't enable `shell escape' (or `write18')
(svg)                so it wasn't possible to launch the Inkscape export
(svg)                for `res_imgs/B16_N8_FC2_K5_AP20metrics_mocro.svg' on inpu
t line 187.

Package svg Info: Last page of `./svg-inkscape/B16_N8_FC2_K5_AP20metrics_mocro_
svg-tex.pdf' is 1 on input line 187.
(./svg-inkscape/B16_N8_FC2_K5_AP20metrics_mocro_svg-tex.pdf_tex
<./svg-inkscape/B16_N8_FC2_K5_AP20metrics_mocro_svg-tex.pdf, id=1990, page=1, 1
084.05pt x 722.7pt>
File: ./svg-inkscape/B16_N8_FC2_K5_AP20metrics_mocro_svg-tex.pdf Graphic file (
type pdf)
<use ./svg-inkscape/B16_N8_FC2_K5_AP20metrics_mocro_svg-tex.pdf, page 1>
Package pdftex.def Info: ./svg-inkscape/B16_N8_FC2_K5_AP20metrics_mocro_svg-tex
.pdf , page1 used on input line 56.
(pdftex.def)             Requested size: 149.6003pt x 99.7327pt.
)

Package svg-extract Warning: You didn't enable `shell escape' (or `write18')
(svg-extract)                so it wasn't possible to run the extraction for
(svg-extract)                file `./svg-inkscape/B16_N8_FC2_K5_AP20metrics_moc
ro_svg-tex.pdf'
(svg-extract)                 on input line 187.


Package svg Warning: You didn't enable `shell escape' (or `write18')
(svg)                so it wasn't possible to launch the Inkscape export
(svg)                for `res_imgs/B32_N8_FC2_K5_AP20confMatrixTest.svg' on inp
ut line 203.

Package svg Info: Last page of `./svg-inkscape/B32_N8_FC2_K5_AP20confMatrixTest
_svg-tex.pdf' is 1 on input line 203.
(./svg-inkscape/B32_N8_FC2_K5_AP20confMatrixTest_svg-tex.pdf_tex
<./svg-inkscape/B32_N8_FC2_K5_AP20confMatrixTest_svg-tex.pdf, id=1992, page=1, 
462.52798pt x 346.89601pt>
File: ./svg-inkscape/B32_N8_FC2_K5_AP20confMatrixTest_svg-tex.pdf Graphic file 
(type pdf)
<use ./svg-inkscape/B32_N8_FC2_K5_AP20confMatrixTest_svg-tex.pdf, page 1>
Package pdftex.def Info: ./svg-inkscape/B32_N8_FC2_K5_AP20confMatrixTest_svg-te
x.pdf , page1 used on input line 56.
(pdftex.def)             Requested size: 149.6003pt x 112.19995pt.
)

Package svg-extract Warning: You didn't enable `shell escape' (or `write18')
(svg-extract)                so it wasn't possible to run the extraction for
(svg-extract)                file `./svg-inkscape/B32_N8_FC2_K5_AP20confMatrixT
est_svg-tex.pdf'
(svg-extract)                 on input line 203.


Package svg Warning: You didn't enable `shell escape' (or `write18')
(svg)                so it wasn't possible to launch the Inkscape export
(svg)                for `res_imgs/B32_N8_FC2_K5_AP20Loss.svg' on input line 20
9.

Package svg Info: Last page of `./svg-inkscape/B32_N8_FC2_K5_AP20Loss_svg-tex.p
df' is 1 on input line 209.
(./svg-inkscape/B32_N8_FC2_K5_AP20Loss_svg-tex.pdf_tex
<./svg-inkscape/B32_N8_FC2_K5_AP20Loss_svg-tex.pdf, id=1994, page=1, 1084.05pt 
x 722.7pt>
File: ./svg-inkscape/B32_N8_FC2_K5_AP20Loss_svg-tex.pdf Graphic file (type pdf)

<use ./svg-inkscape/B32_N8_FC2_K5_AP20Loss_svg-tex.pdf, page 1>
Package pdftex.def Info: ./svg-inkscape/B32_N8_FC2_K5_AP20Loss_svg-tex.pdf , pa
ge1 used on input line 56.
(pdftex.def)             Requested size: 149.6003pt x 99.7327pt.
)

Package svg-extract Warning: You didn't enable `shell escape' (or `write18')
(svg-extract)                so it wasn't possible to run the extraction for
(svg-extract)                file `./svg-inkscape/B32_N8_FC2_K5_AP20Loss_svg-te
x.pdf'
(svg-extract)                 on input line 209.


Package svg Warning: You didn't enable `shell escape' (or `write18')
(svg)                so it wasn't possible to launch the Inkscape export
(svg)                for `res_imgs/B32_N8_FC2_K5_AP20metrics_mocro.svg' on inpu
t line 215.

Package svg Info: Last page of `./svg-inkscape/B32_N8_FC2_K5_AP20metrics_mocro_
svg-tex.pdf' is 1 on input line 215.
(./svg-inkscape/B32_N8_FC2_K5_AP20metrics_mocro_svg-tex.pdf_tex
<./svg-inkscape/B32_N8_FC2_K5_AP20metrics_mocro_svg-tex.pdf, id=1996, page=1, 1
084.05pt x 722.7pt>
File: ./svg-inkscape/B32_N8_FC2_K5_AP20metrics_mocro_svg-tex.pdf Graphic file (
type pdf)
<use ./svg-inkscape/B32_N8_FC2_K5_AP20metrics_mocro_svg-tex.pdf, page 1>
Package pdftex.def Info: ./svg-inkscape/B32_N8_FC2_K5_AP20metrics_mocro_svg-tex
.pdf , page1 used on input line 56.
(pdftex.def)             Requested size: 149.6003pt x 99.7327pt.
)

Package svg-extract Warning: You didn't enable `shell escape' (or `write18')
(svg-extract)                so it wasn't possible to run the extraction for
(svg-extract)                file `./svg-inkscape/B32_N8_FC2_K5_AP20metrics_moc
ro_svg-tex.pdf'
(svg-extract)                 on input line 215.


Package svg Warning: You didn't enable `shell escape' (or `write18')
(svg)                so it wasn't possible to launch the Inkscape export
(svg)                for `res_imgs/B16_N4_FC1_K7_AP20confMatrixTest.svg' on inp
ut line 231.

Package svg Info: Last page of `./svg-inkscape/B16_N4_FC1_K7_AP20confMatrixTest
_svg-tex.pdf' is 1 on input line 231.
(./svg-inkscape/B16_N4_FC1_K7_AP20confMatrixTest_svg-tex.pdf_tex
<./svg-inkscape/B16_N4_FC1_K7_AP20confMatrixTest_svg-tex.pdf, id=1998, page=1, 
462.52798pt x 346.89601pt>
File: ./svg-inkscape/B16_N4_FC1_K7_AP20confMatrixTest_svg-tex.pdf Graphic file 
(type pdf)
<use ./svg-inkscape/B16_N4_FC1_K7_AP20confMatrixTest_svg-tex.pdf, page 1>
Package pdftex.def Info: ./svg-inkscape/B16_N4_FC1_K7_AP20confMatrixTest_svg-te
x.pdf , page1 used on input line 56.
(pdftex.def)             Requested size: 149.6003pt x 112.19995pt.
)

Package svg-extract Warning: You didn't enable `shell escape' (or `write18')
(svg-extract)                so it wasn't possible to run the extraction for
(svg-extract)                file `./svg-inkscape/B16_N4_FC1_K7_AP20confMatrixT
est_svg-tex.pdf'
(svg-extract)                 on input line 231.


Package svg Warning: You didn't enable `shell escape' (or `write18')
(svg)                so it wasn't possible to launch the Inkscape export
(svg)                for `res_imgs/B16_N4_FC1_K7_AP20Loss.svg' on input line 23
7.

Package svg Info: Last page of `./svg-inkscape/B16_N4_FC1_K7_AP20Loss_svg-tex.p
df' is 1 on input line 237.
(./svg-inkscape/B16_N4_FC1_K7_AP20Loss_svg-tex.pdf_tex
<./svg-inkscape/B16_N4_FC1_K7_AP20Loss_svg-tex.pdf, id=2000, page=1, 1084.05pt 
x 722.7pt>
File: ./svg-inkscape/B16_N4_FC1_K7_AP20Loss_svg-tex.pdf Graphic file (type pdf)

<use ./svg-inkscape/B16_N4_FC1_K7_AP20Loss_svg-tex.pdf, page 1>
Package pdftex.def Info: ./svg-inkscape/B16_N4_FC1_K7_AP20Loss_svg-tex.pdf , pa
ge1 used on input line 56.
(pdftex.def)             Requested size: 149.6003pt x 99.7327pt.
)

Package svg-extract Warning: You didn't enable `shell escape' (or `write18')
(svg-extract)                so it wasn't possible to run the extraction for
(svg-extract)                file `./svg-inkscape/B16_N4_FC1_K7_AP20Loss_svg-te
x.pdf'
(svg-extract)                 on input line 237.


Package svg Warning: You didn't enable `shell escape' (or `write18')
(svg)                so it wasn't possible to launch the Inkscape export
(svg)                for `res_imgs/B16_N4_FC1_K7_AP20metrics_mocro.svg' on inpu
t line 243.

Package svg Info: Last page of `./svg-inkscape/B16_N4_FC1_K7_AP20metrics_mocro_
svg-tex.pdf' is 1 on input line 243.
(./svg-inkscape/B16_N4_FC1_K7_AP20metrics_mocro_svg-tex.pdf_tex
<./svg-inkscape/B16_N4_FC1_K7_AP20metrics_mocro_svg-tex.pdf, id=2002, page=1, 1
084.05pt x 722.7pt>
File: ./svg-inkscape/B16_N4_FC1_K7_AP20metrics_mocro_svg-tex.pdf Graphic file (
type pdf)
<use ./svg-inkscape/B16_N4_FC1_K7_AP20metrics_mocro_svg-tex.pdf, page 1>
Package pdftex.def Info: ./svg-inkscape/B16_N4_FC1_K7_AP20metrics_mocro_svg-tex
.pdf , page1 used on input line 56.
(pdftex.def)             Requested size: 149.6003pt x 99.7327pt.
)

Package svg-extract Warning: You didn't enable `shell escape' (or `write18')
(svg-extract)                so it wasn't possible to run the extraction for
(svg-extract)                file `./svg-inkscape/B16_N4_FC1_K7_AP20metrics_moc
ro_svg-tex.pdf'
(svg-extract)                 on input line 243.


Package svg Warning: You didn't enable `shell escape' (or `write18')
(svg)                so it wasn't possible to launch the Inkscape export
(svg)                for `res_imgs/B32_N4_FC1_K7_AP20confMatrixTest.svg' on inp
ut line 259.

Package svg Info: Last page of `./svg-inkscape/B32_N4_FC1_K7_AP20confMatrixTest
_svg-tex.pdf' is 1 on input line 259.
(./svg-inkscape/B32_N4_FC1_K7_AP20confMatrixTest_svg-tex.pdf_tex
<./svg-inkscape/B32_N4_FC1_K7_AP20confMatrixTest_svg-tex.pdf, id=2004, page=1, 
462.52798pt x 346.89601pt>
File: ./svg-inkscape/B32_N4_FC1_K7_AP20confMatrixTest_svg-tex.pdf Graphic file 
(type pdf)
<use ./svg-inkscape/B32_N4_FC1_K7_AP20confMatrixTest_svg-tex.pdf, page 1>
Package pdftex.def Info: ./svg-inkscape/B32_N4_FC1_K7_AP20confMatrixTest_svg-te
x.pdf , page1 used on input line 56.
(pdftex.def)             Requested size: 149.6003pt x 112.19995pt.
)

Package svg-extract Warning: You didn't enable `shell escape' (or `write18')
(svg-extract)                so it wasn't possible to run the extraction for
(svg-extract)                file `./svg-inkscape/B32_N4_FC1_K7_AP20confMatrixT
est_svg-tex.pdf'
(svg-extract)                 on input line 259.


Package svg Warning: You didn't enable `shell escape' (or `write18')
(svg)                so it wasn't possible to launch the Inkscape export
(svg)                for `res_imgs/B32_N4_FC1_K7_AP20Loss.svg' on input line 26
5.

Package svg Info: Last page of `./svg-inkscape/B32_N4_FC1_K7_AP20Loss_svg-tex.p
df' is 1 on input line 265.
(./svg-inkscape/B32_N4_FC1_K7_AP20Loss_svg-tex.pdf_tex
<./svg-inkscape/B32_N4_FC1_K7_AP20Loss_svg-tex.pdf, id=2006, page=1, 1084.05pt 
x 722.7pt>
File: ./svg-inkscape/B32_N4_FC1_K7_AP20Loss_svg-tex.pdf Graphic file (type pdf)

<use ./svg-inkscape/B32_N4_FC1_K7_AP20Loss_svg-tex.pdf, page 1>
Package pdftex.def Info: ./svg-inkscape/B32_N4_FC1_K7_AP20Loss_svg-tex.pdf , pa
ge1 used on input line 56.
(pdftex.def)             Requested size: 149.6003pt x 99.7327pt.
)

Package svg-extract Warning: You didn't enable `shell escape' (or `write18')
(svg-extract)                so it wasn't possible to run the extraction for
(svg-extract)                file `./svg-inkscape/B32_N4_FC1_K7_AP20Loss_svg-te
x.pdf'
(svg-extract)                 on input line 265.


Package svg Warning: You didn't enable `shell escape' (or `write18')
(svg)                so it wasn't possible to launch the Inkscape export
(svg)                for `res_imgs/B32_N4_FC1_K7_AP20metrics_mocro.svg' on inpu
t line 271.

Package svg Info: Last page of `./svg-inkscape/B32_N4_FC1_K7_AP20metrics_mocro_
svg-tex.pdf' is 1 on input line 271.
(./svg-inkscape/B32_N4_FC1_K7_AP20metrics_mocro_svg-tex.pdf_tex
<./svg-inkscape/B32_N4_FC1_K7_AP20metrics_mocro_svg-tex.pdf, id=2008, page=1, 1
084.05pt x 722.7pt>
File: ./svg-inkscape/B32_N4_FC1_K7_AP20metrics_mocro_svg-tex.pdf Graphic file (
type pdf)
<use ./svg-inkscape/B32_N4_FC1_K7_AP20metrics_mocro_svg-tex.pdf, page 1>
Package pdftex.def Info: ./svg-inkscape/B32_N4_FC1_K7_AP20metrics_mocro_svg-tex
.pdf , page1 used on input line 56.
(pdftex.def)             Requested size: 149.6003pt x 99.7327pt.
)

Package svg-extract Warning: You didn't enable `shell escape' (or `write18')
(svg-extract)                so it wasn't possible to run the extraction for
(svg-extract)                file `./svg-inkscape/B32_N4_FC1_K7_AP20metrics_moc
ro_svg-tex.pdf'
(svg-extract)                 on input line 271.


Package svg Warning: You didn't enable `shell escape' (or `write18')
(svg)                so it wasn't possible to launch the Inkscape export
(svg)                for `res_imgs/B16_N8_FC2_K7_AP20confMatrixTest.svg' on inp
ut line 287.

Package svg Info: Last page of `./svg-inkscape/B16_N8_FC2_K7_AP20confMatrixTest
_svg-tex.pdf' is 1 on input line 287.
(./svg-inkscape/B16_N8_FC2_K7_AP20confMatrixTest_svg-tex.pdf_tex
<./svg-inkscape/B16_N8_FC2_K7_AP20confMatrixTest_svg-tex.pdf, id=2010, page=1, 
462.52798pt x 346.89601pt>
File: ./svg-inkscape/B16_N8_FC2_K7_AP20confMatrixTest_svg-tex.pdf Graphic file 
(type pdf)
<use ./svg-inkscape/B16_N8_FC2_K7_AP20confMatrixTest_svg-tex.pdf, page 1>
Package pdftex.def Info: ./svg-inkscape/B16_N8_FC2_K7_AP20confMatrixTest_svg-te
x.pdf , page1 used on input line 56.
(pdftex.def)             Requested size: 149.6003pt x 112.19995pt.
)

Package svg-extract Warning: You didn't enable `shell escape' (or `write18')
(svg-extract)                so it wasn't possible to run the extraction for
(svg-extract)                file `./svg-inkscape/B16_N8_FC2_K7_AP20confMatrixT
est_svg-tex.pdf'
(svg-extract)                 on input line 287.


Package svg Warning: You didn't enable `shell escape' (or `write18')
(svg)                so it wasn't possible to launch the Inkscape export
(svg)                for `res_imgs/B16_N8_FC2_K7_AP20Loss.svg' on input line 29
3.

Package svg Info: Last page of `./svg-inkscape/B16_N8_FC2_K7_AP20Loss_svg-tex.p
df' is 1 on input line 293.
(./svg-inkscape/B16_N8_FC2_K7_AP20Loss_svg-tex.pdf_tex
<./svg-inkscape/B16_N8_FC2_K7_AP20Loss_svg-tex.pdf, id=2012, page=1, 1084.05pt 
x 722.7pt>
File: ./svg-inkscape/B16_N8_FC2_K7_AP20Loss_svg-tex.pdf Graphic file (type pdf)

<use ./svg-inkscape/B16_N8_FC2_K7_AP20Loss_svg-tex.pdf, page 1>
Package pdftex.def Info: ./svg-inkscape/B16_N8_FC2_K7_AP20Loss_svg-tex.pdf , pa
ge1 used on input line 56.
(pdftex.def)             Requested size: 149.6003pt x 99.7327pt.
)

Package svg-extract Warning: You didn't enable `shell escape' (or `write18')
(svg-extract)                so it wasn't possible to run the extraction for
(svg-extract)                file `./svg-inkscape/B16_N8_FC2_K7_AP20Loss_svg-te
x.pdf'
(svg-extract)                 on input line 293.


Package svg Warning: You didn't enable `shell escape' (or `write18')
(svg)                so it wasn't possible to launch the Inkscape export
(svg)                for `res_imgs/B16_N8_FC2_K7_AP20metrics_mocro.svg' on inpu
t line 299.

Package svg Info: Last page of `./svg-inkscape/B16_N8_FC2_K7_AP20metrics_mocro_
svg-tex.pdf' is 1 on input line 299.
(./svg-inkscape/B16_N8_FC2_K7_AP20metrics_mocro_svg-tex.pdf_tex
<./svg-inkscape/B16_N8_FC2_K7_AP20metrics_mocro_svg-tex.pdf, id=2014, page=1, 1
084.05pt x 722.7pt>
File: ./svg-inkscape/B16_N8_FC2_K7_AP20metrics_mocro_svg-tex.pdf Graphic file (
type pdf)
<use ./svg-inkscape/B16_N8_FC2_K7_AP20metrics_mocro_svg-tex.pdf, page 1>
Package pdftex.def Info: ./svg-inkscape/B16_N8_FC2_K7_AP20metrics_mocro_svg-tex
.pdf , page1 used on input line 56.
(pdftex.def)             Requested size: 149.6003pt x 99.7327pt.
)

Package svg-extract Warning: You didn't enable `shell escape' (or `write18')
(svg-extract)                so it wasn't possible to run the extraction for
(svg-extract)                file `./svg-inkscape/B16_N8_FC2_K7_AP20metrics_moc
ro_svg-tex.pdf'
(svg-extract)                 on input line 299.


Package svg Warning: You didn't enable `shell escape' (or `write18')
(svg)                so it wasn't possible to launch the Inkscape export
(svg)                for `res_imgs/B32_N8_FC2_K7_AP20confMatrixTest.svg' on inp
ut line 315.

Package svg Info: Last page of `./svg-inkscape/B32_N8_FC2_K7_AP20confMatrixTest
_svg-tex.pdf' is 1 on input line 315.
(./svg-inkscape/B32_N8_FC2_K7_AP20confMatrixTest_svg-tex.pdf_tex
<./svg-inkscape/B32_N8_FC2_K7_AP20confMatrixTest_svg-tex.pdf, id=2016, page=1, 
462.52798pt x 346.89601pt>
File: ./svg-inkscape/B32_N8_FC2_K7_AP20confMatrixTest_svg-tex.pdf Graphic file 
(type pdf)
<use ./svg-inkscape/B32_N8_FC2_K7_AP20confMatrixTest_svg-tex.pdf, page 1>
Package pdftex.def Info: ./svg-inkscape/B32_N8_FC2_K7_AP20confMatrixTest_svg-te
x.pdf , page1 used on input line 56.
(pdftex.def)             Requested size: 149.6003pt x 112.19995pt.
)

Package svg-extract Warning: You didn't enable `shell escape' (or `write18')
(svg-extract)                so it wasn't possible to run the extraction for
(svg-extract)                file `./svg-inkscape/B32_N8_FC2_K7_AP20confMatrixT
est_svg-tex.pdf'
(svg-extract)                 on input line 315.


Package svg Warning: You didn't enable `shell escape' (or `write18')
(svg)                so it wasn't possible to launch the Inkscape export
(svg)                for `res_imgs/B32_N8_FC2_K7_AP20Loss.svg' on input line 32
1.

Package svg Info: Last page of `./svg-inkscape/B32_N8_FC2_K7_AP20Loss_svg-tex.p
df' is 1 on input line 321.
(./svg-inkscape/B32_N8_FC2_K7_AP20Loss_svg-tex.pdf_tex
<./svg-inkscape/B32_N8_FC2_K7_AP20Loss_svg-tex.pdf, id=2018, page=1, 1084.05pt 
x 722.7pt>
File: ./svg-inkscape/B32_N8_FC2_K7_AP20Loss_svg-tex.pdf Graphic file (type pdf)

<use ./svg-inkscape/B32_N8_FC2_K7_AP20Loss_svg-tex.pdf, page 1>
Package pdftex.def Info: ./svg-inkscape/B32_N8_FC2_K7_AP20Loss_svg-tex.pdf , pa
ge1 used on input line 56.
(pdftex.def)             Requested size: 149.6003pt x 99.7327pt.
)

Package svg-extract Warning: You didn't enable `shell escape' (or `write18')
(svg-extract)                so it wasn't possible to run the extraction for
(svg-extract)                file `./svg-inkscape/B32_N8_FC2_K7_AP20Loss_svg-te
x.pdf'
(svg-extract)                 on input line 321.


Package svg Warning: You didn't enable `shell escape' (or `write18')
(svg)                so it wasn't possible to launch the Inkscape export
(svg)                for `res_imgs/B32_N8_FC2_K7_AP20metrics_mocro.svg' on inpu
t line 327.

Package svg Info: Last page of `./svg-inkscape/B32_N8_FC2_K7_AP20metrics_mocro_
svg-tex.pdf' is 1 on input line 327.
(./svg-inkscape/B32_N8_FC2_K7_AP20metrics_mocro_svg-tex.pdf_tex
<./svg-inkscape/B32_N8_FC2_K7_AP20metrics_mocro_svg-tex.pdf, id=2020, page=1, 1
084.05pt x 722.7pt>
File: ./svg-inkscape/B32_N8_FC2_K7_AP20metrics_mocro_svg-tex.pdf Graphic file (
type pdf)
<use ./svg-inkscape/B32_N8_FC2_K7_AP20metrics_mocro_svg-tex.pdf, page 1>
Package pdftex.def Info: ./svg-inkscape/B32_N8_FC2_K7_AP20metrics_mocro_svg-tex
.pdf , page1 used on input line 56.
(pdftex.def)             Requested size: 149.6003pt x 99.7327pt.
)

Package svg-extract Warning: You didn't enable `shell escape' (or `write18')
(svg-extract)                so it wasn't possible to run the extraction for
(svg-extract)                file `./svg-inkscape/B32_N8_FC2_K7_AP20metrics_moc
ro_svg-tex.pdf'
(svg-extract)                 on input line 327.

) [14 <./svg-inkscape/B16_N4_FC1_K3_AP20confMatrixTest_svg-tex.pdf> <./svg-inks
cape/B16_N4_FC1_K3_AP20Loss_svg-tex.pdf

pdfTeX warning: /usr/bin/pdflatex (file ./svg-inkscape/B16_N4_FC1_K3_AP20Loss_s
vg-tex.pdf): PDF inclusion: multiple pdfs with page group included in a single 
page
> <./svg-inkscape/B16_N4_FC1_K3_AP20metrics_mocro_svg-tex.pdf

pdfTeX warning: /usr/bin/pdflatex (file ./svg-inkscape/B16_N4_FC1_K3_AP20metric
s_mocro_svg-tex.pdf): PDF inclusion: multiple pdfs with page group included in 
a single page
> <./svg-inkscape/B32_N4_FC1_K3_AP20confMatrixTest_svg-tex.pdf

pdfTeX warning: /usr/bin/pdflatex (file ./svg-inkscape/B32_N4_FC1_K3_AP20confMa
trixTest_svg-tex.pdf): PDF inclusion: multiple pdfs with page group included in
 a single page
> <./svg-inkscape/B32_N4_FC1_K3_AP20Loss_svg-tex.pdf

pdfTeX warning: /usr/bin/pdflatex (file ./svg-inkscape/B32_N4_FC1_K3_AP20Loss_s
vg-tex.pdf): PDF inclusion: multiple pdfs with page group included in a single 
page
> <./svg-inkscape/B32_N4_FC1_K3_AP20metrics_mocro_svg-tex.pdf

pdfTeX warning: /usr/bin/pdflatex (file ./svg-inkscape/B32_N4_FC1_K3_AP20metric
s_mocro_svg-tex.pdf): PDF inclusion: multiple pdfs with page group included in 
a single page
> <./svg-inkscape/B16_N8_FC2_K3_AP20confMatrixTest_svg-tex.pdf

pdfTeX warning: /usr/bin/pdflatex (file ./svg-inkscape/B16_N8_FC2_K3_AP20confMa
trixTest_svg-tex.pdf): PDF inclusion: multiple pdfs with page group included in
 a single page
> <./svg-inkscape/B16_N8_FC2_K3_AP20Loss_svg-tex.pdf

pdfTeX warning: /usr/bin/pdflatex (file ./svg-inkscape/B16_N8_FC2_K3_AP20Loss_s
vg-tex.pdf): PDF inclusion: multiple pdfs with page group included in a single 
page
> <./svg-inkscape/B16_N8_FC2_K3_AP20metrics_mocro_svg-tex.pdf

pdfTeX warning: /usr/bin/pdflatex (file ./svg-inkscape/B16_N8_FC2_K3_AP20metric
s_mocro_svg-tex.pdf): PDF inclusion: multiple pdfs with page group included in 
a single page
> <./svg-inkscape/B32_N8_FC2_K3_AP20confMatrixTest_svg-tex.pdf

pdfTeX warning: /usr/bin/pdflatex (file ./svg-inkscape/B32_N8_FC2_K3_AP20confMa
trixTest_svg-tex.pdf): PDF inclusion: multiple pdfs with page group included in
 a single page
> <./svg-inkscape/B32_N8_FC2_K3_AP20Loss_svg-tex.pdf

pdfTeX warning: /usr/bin/pdflatex (file ./svg-inkscape/B32_N8_FC2_K3_AP20Loss_s
vg-tex.pdf): PDF inclusion: multiple pdfs with page group included in a single 
page
> <./svg-inkscape/B32_N8_FC2_K3_AP20metrics_mocro_svg-tex.pdf

pdfTeX warning: /usr/bin/pdflatex (file ./svg-inkscape/B32_N8_FC2_K3_AP20metric
s_mocro_svg-tex.pdf): PDF inclusion: multiple pdfs with page group included in 
a single page
>] [15 <./svg-inkscape/B16_N4_FC1_K5_AP20confMatrixTest_svg-tex.pdf> <./svg-ink
scape/B16_N4_FC1_K5_AP20Loss_svg-tex.pdf

pdfTeX warning: /usr/bin/pdflatex (file ./svg-inkscape/B16_N4_FC1_K5_AP20Loss_s
vg-tex.pdf): PDF inclusion: multiple pdfs with page group included in a single 
page
> <./svg-inkscape/B16_N4_FC1_K5_AP20metrics_mocro_svg-tex.pdf

pdfTeX warning: /usr/bin/pdflatex (file ./svg-inkscape/B16_N4_FC1_K5_AP20metric
s_mocro_svg-tex.pdf): PDF inclusion: multiple pdfs with page group included in 
a single page
> <./svg-inkscape/B32_N4_FC1_K5_AP20confMatrixTest_svg-tex.pdf

pdfTeX warning: /usr/bin/pdflatex (file ./svg-inkscape/B32_N4_FC1_K5_AP20confMa
trixTest_svg-tex.pdf): PDF inclusion: multiple pdfs with page group included in
 a single page
> <./svg-inkscape/B32_N4_FC1_K5_AP20Loss_svg-tex.pdf

pdfTeX warning: /usr/bin/pdflatex (file ./svg-inkscape/B32_N4_FC1_K5_AP20Loss_s
vg-tex.pdf): PDF inclusion: multiple pdfs with page group included in a single 
page
> <./svg-inkscape/B32_N4_FC1_K5_AP20metrics_mocro_svg-tex.pdf

pdfTeX warning: /usr/bin/pdflatex (file ./svg-inkscape/B32_N4_FC1_K5_AP20metric
s_mocro_svg-tex.pdf): PDF inclusion: multiple pdfs with page group included in 
a single page
> <./svg-inkscape/B16_N8_FC2_K5_AP20confMatrixTest_svg-tex.pdf

pdfTeX warning: /usr/bin/pdflatex (file ./svg-inkscape/B16_N8_FC2_K5_AP20confMa
trixTest_svg-tex.pdf): PDF inclusion: multiple pdfs with page group included in
 a single page
> <./svg-inkscape/B16_N8_FC2_K5_AP20Loss_svg-tex.pdf

pdfTeX warning: /usr/bin/pdflatex (file ./svg-inkscape/B16_N8_FC2_K5_AP20Loss_s
vg-tex.pdf): PDF inclusion: multiple pdfs with page group included in a single 
page
> <./svg-inkscape/B16_N8_FC2_K5_AP20metrics_mocro_svg-tex.pdf

pdfTeX warning: /usr/bin/pdflatex (file ./svg-inkscape/B16_N8_FC2_K5_AP20metric
s_mocro_svg-tex.pdf): PDF inclusion: multiple pdfs with page group included in 
a single page
> <./svg-inkscape/B32_N8_FC2_K5_AP20confMatrixTest_svg-tex.pdf

pdfTeX warning: /usr/bin/pdflatex (file ./svg-inkscape/B32_N8_FC2_K5_AP20confMa
trixTest_svg-tex.pdf): PDF inclusion: multiple pdfs with page group included in
 a single page
> <./svg-inkscape/B32_N8_FC2_K5_AP20Loss_svg-tex.pdf

pdfTeX warning: /usr/bin/pdflatex (file ./svg-inkscape/B32_N8_FC2_K5_AP20Loss_s
vg-tex.pdf): PDF inclusion: multiple pdfs with page group included in a single 
page
> <./svg-inkscape/B32_N8_FC2_K5_AP20metrics_mocro_svg-tex.pdf

pdfTeX warning: /usr/bin/pdflatex (file ./svg-inkscape/B32_N8_FC2_K5_AP20metric
s_mocro_svg-tex.pdf): PDF inclusion: multiple pdfs with page group included in 
a single page
>] [16 <./svg-inkscape/B16_N4_FC1_K7_AP20confMatrixTest_svg-tex.pdf> <./svg-ink
scape/B16_N4_FC1_K7_AP20Loss_svg-tex.pdf

pdfTeX warning: /usr/bin/pdflatex (file ./svg-inkscape/B16_N4_FC1_K7_AP20Loss_s
vg-tex.pdf): PDF inclusion: multiple pdfs with page group included in a single 
page
> <./svg-inkscape/B16_N4_FC1_K7_AP20metrics_mocro_svg-tex.pdf

pdfTeX warning: /usr/bin/pdflatex (file ./svg-inkscape/B16_N4_FC1_K7_AP20metric
s_mocro_svg-tex.pdf): PDF inclusion: multiple pdfs with page group included in 
a single page
> <./svg-inkscape/B32_N4_FC1_K7_AP20confMatrixTest_svg-tex.pdf

pdfTeX warning: /usr/bin/pdflatex (file ./svg-inkscape/B32_N4_FC1_K7_AP20confMa
trixTest_svg-tex.pdf): PDF inclusion: multiple pdfs with page group included in
 a single page
> <./svg-inkscape/B32_N4_FC1_K7_AP20Loss_svg-tex.pdf

pdfTeX warning: /usr/bin/pdflatex (file ./svg-inkscape/B32_N4_FC1_K7_AP20Loss_s
vg-tex.pdf): PDF inclusion: multiple pdfs with page group included in a single 
page
> <./svg-inkscape/B32_N4_FC1_K7_AP20metrics_mocro_svg-tex.pdf

pdfTeX warning: /usr/bin/pdflatex (file ./svg-inkscape/B32_N4_FC1_K7_AP20metric
s_mocro_svg-tex.pdf): PDF inclusion: multiple pdfs with page group included in 
a single page
> <./svg-inkscape/B16_N8_FC2_K7_AP20confMatrixTest_svg-tex.pdf

pdfTeX warning: /usr/bin/pdflatex (file ./svg-inkscape/B16_N8_FC2_K7_AP20confMa
trixTest_svg-tex.pdf): PDF inclusion: multiple pdfs with page group included in
 a single page
> <./svg-inkscape/B16_N8_FC2_K7_AP20Loss_svg-tex.pdf

pdfTeX warning: /usr/bin/pdflatex (file ./svg-inkscape/B16_N8_FC2_K7_AP20Loss_s
vg-tex.pdf): PDF inclusion: multiple pdfs with page group included in a single 
page
> <./svg-inkscape/B16_N8_FC2_K7_AP20metrics_mocro_svg-tex.pdf

pdfTeX warning: /usr/bin/pdflatex (file ./svg-inkscape/B16_N8_FC2_K7_AP20metric
s_mocro_svg-tex.pdf): PDF inclusion: multiple pdfs with page group included in 
a single page
> <./svg-inkscape/B32_N8_FC2_K7_AP20confMatrixTest_svg-tex.pdf

pdfTeX warning: /usr/bin/pdflatex (file ./svg-inkscape/B32_N8_FC2_K7_AP20confMa
trixTest_svg-tex.pdf): PDF inclusion: multiple pdfs with page group included in
 a single page
> <./svg-inkscape/B32_N8_FC2_K7_AP20Loss_svg-tex.pdf

pdfTeX warning: /usr/bin/pdflatex (file ./svg-inkscape/B32_N8_FC2_K7_AP20Loss_s
vg-tex.pdf): PDF inclusion: multiple pdfs with page group included in a single 
page
> <./svg-inkscape/B32_N8_FC2_K7_AP20metrics_mocro_svg-tex.pdf

pdfTeX warning: /usr/bin/pdflatex (file ./svg-inkscape/B32_N8_FC2_K7_AP20metric
s_mocro_svg-tex.pdf): PDF inclusion: multiple pdfs with page group included in 
a single page
>] [17



] (./main.bbl [18

]) [19

] (./main.aux (./part1.aux) (./plots.aux))

LaTeX Warning: There were multiply-defined labels.

Package rerunfilecheck Info: File `main.out' has not changed.
(rerunfilecheck)             Checksum: 21ABDEB4477A08433F1C817A45D4C19A;4089.
 ) 
Here is how much of TeX's memory you used:
 13648 strings out of 480120
 252231 string characters out of 5893109
 554988 words of memory out of 5000000
 31118 multiletter control sequences out of 15000+600000
 475864 words of font info for 51 fonts, out of 8000000 for 9000
 81 hyphenation exceptions out of 8191
 94i,14n,92p,766b,666s stack positions out of 5000i,500n,10000p,200000b,80000s
 </home/dara/.texlive2021/texmf-var/fonts/pk/ljfour/jknappen/ec/tcrm1000.600p
k></usr/share/texlive/texmf-dist/fonts/type1/public/amsfonts/cm/cmbx10.pfb></us
r/share/texlive/texmf-dist/fonts/type1/public/amsfonts/cm/cmbx12.pfb></usr/shar
e/texlive/texmf-dist/fonts/type1/public/amsfonts/cm/cmmi10.pfb></usr/share/texl
ive/texmf-dist/fonts/type1/public/amsfonts/cm/cmmi7.pfb></usr/share/texlive/tex
mf-dist/fonts/type1/public/amsfonts/cm/cmr10.pfb></usr/share/texlive/texmf-dist
/fonts/type1/public/amsfonts/cm/cmr6.pfb></usr/share/texlive/texmf-dist/fonts/t
ype1/public/amsfonts/cm/cmr7.pfb></usr/share/texlive/texmf-dist/fonts/type1/pub
lic/amsfonts/cm/cmr8.pfb></usr/share/texlive/texmf-dist/fonts/type1/public/amsf
onts/cm/cmr9.pfb></usr/share/texlive/texmf-dist/fonts/type1/public/amsfonts/cm/
cmsy10.pfb></usr/share/texlive/texmf-dist/fonts/type1/public/amsfonts/cm/cmti10
.pfb></usr/share/texlive/texmf-dist/fonts/type1/public/amsfonts/cm/cmtt10.pfb>
Output written on main.pdf (20 pages, 2404807 bytes).
PDF statistics:
 2558 PDF objects out of 2984 (max. 8388607)
 1638 compressed objects within 17 object streams
 99 named destinations out of 1000 (max. 500000)
 830 words of extra memory for PDF output out of 10000 (max. 10000000)

